#
# There is insufficient memory for the Java Runtime Environment to continue.
# Native memory allocation (malloc) failed to allocate 1048576 bytes for AllocateHeap
# Possible reasons:
#   The system is out of physical RAM or swap space
#   In 32 bit mode, the process size limit was hit
# Possible solutions:
#   Reduce memory load on the system
#   Increase physical memory or swap space
#   Check if swap backing store is full
#   Use 64 bit Java on a 64 bit OS
#   Decrease Java heap size (-Xmx/-Xms)
#   Decrease number of Java threads
#   Decrease Java thread stack sizes (-Xss)
#   Set larger code cache with -XX:ReservedCodeCacheSize=
# This output file may be truncated or incomplete.
#
#  Out of Memory Error (memory/allocation.inline.hpp:61), pid=9456, tid=10856
#
# JRE version:  (8.0_71-b15) (build )
# Java VM: Java HotSpot(TM) 64-Bit Server VM (25.71-b15 mixed mode windows-amd64 compressed oops)
# Failed to write core dump. Minidumps are not enabled by default on client versions of Windows
#

---------------  T H R E A D  ---------------

Current thread (0x000000000217d800):  JavaThread "Unknown thread" [_thread_in_vm, id=10856, stack(0x0000000001fc0000,0x00000000020c0000)]

Stack: [0x0000000001fc0000,0x00000000020c0000]
[error occurred during error reporting (printing stack bounds), id 0xc0000005]

Native frames: (J=compiled Java code, j=interpreted, Vv=VM code, C=native code)


---------------  P R O C E S S  ---------------

Java Threads: ( => current thread )

Other Threads:

=>0x000000000217d800 (exited) JavaThread "Unknown thread" [_thread_in_vm, id=10856, stack(0x0000000001fc0000,0x00000000020c0000)]

VM state:not at safepoint (normal execution)

VM Mutex/Monitor currently owned by a thread: None

Heap:
 PSYoungGen      total 38400K, used 665K [0x00000000eab00000, 0x00000000ed580000, 0x0000000100000000)
  eden space 33280K, 2% used [0x00000000eab00000,0x00000000eaba6670,0x00000000ecb80000)
  from space 5120K, 0% used [0x00000000ed080000,0x00000000ed080000,0x00000000ed580000)
  to   space 5120K, 0% used [0x00000000ecb80000,0x00000000ecb80000,0x00000000ed080000)
 ParOldGen       total 87552K, used 0K [0x00000000c0000000, 0x00000000c5580000, 0x00000000eab00000)
  object space 87552K, 0% used [0x00000000c0000000,0x00000000c0000000,0x00000000c5580000)
 Metaspace       used 769K, capacity 4480K, committed 4480K, reserved 1056768K
  class space    used 75K, capacity 384K, committed 384K, reserved 1048576K

Card table byte_map: [0x0000000011640000,0x0000000011850000] byte_map_base: 0x0000000011040000

Marking Bits: (ParMarkBitMap*) 0x000000006fd8f600
 Begin Bits: [0x0000000011db0000, 0x0000000012db0000)
 End Bits:   [0x0000000012db0000, 0x0000000013db0000)

Polling page: 0x0000000000520000

CodeCache: size=245760Kb used=328Kb max_used=328Kb free=245431Kb
 bounds [0x0000000002280000, 0x00000000024f0000, 0x0000000011280000]
 total_blobs=57 nmethods=0 adapters=37
 compilation: enabled

Compilation events (0 events):
No events

GC Heap History (0 events):
No events

Deoptimization events (0 events):
No events

Internal exceptions (0 events):
No events

Events (10 events):
Event: 0.028 loading class java/lang/Short
Event: 0.028 loading class java/lang/Short done
Event: 0.028 loading class java/lang/Integer
Event: 0.028 loading class java/lang/Integer done
Event: 0.028 loading class java/lang/Long
Event: 0.028 loading class java/lang/Long done
Event: 0.029 loading class java/lang/NullPointerException
Event: 0.029 loading class java/lang/NullPointerException done
Event: 0.029 loading class java/lang/ArithmeticException
Event: 0.029 loading class java/lang/ArithmeticException done


Dynamic libraries:
0x00007ff6c2090000 - 0x00007ff6c20c7000 	C:\Program Files\Java\jdk1.8.0_71\bin\java.exe
0x00007ffe6e3f0000 - 0x00007ffe6e5b1000 	C:\WINDOWS\SYSTEM32\ntdll.dll
0x00007ffe6d6d0000 - 0x00007ffe6d77d000 	C:\WINDOWS\system32\KERNEL32.DLL
0x00007ffe6b410000 - 0x00007ffe6b5f8000 	C:\WINDOWS\system32\KERNELBASE.dll
0x00007ffe6d820000 - 0x00007ffe6d8c7000 	C:\WINDOWS\system32\ADVAPI32.dll
0x00007ffe6e350000 - 0x00007ffe6e3ed000 	C:\WINDOWS\system32\msvcrt.dll
0x00007ffe6beb0000 - 0x00007ffe6bf0b000 	C:\WINDOWS\system32\sechost.dll
0x00007ffe6db90000 - 0x00007ffe6dcac000 	C:\WINDOWS\system32\RPCRT4.dll
0x00007ffe6da30000 - 0x00007ffe6db86000 	C:\WINDOWS\system32\USER32.dll
0x00007ffe6df40000 - 0x00007ffe6e0c6000 	C:\WINDOWS\system32\GDI32.dll
0x00007ffe65390000 - 0x00007ffe65604000 	C:\WINDOWS\WinSxS\amd64_microsoft.windows.common-controls_6595b64144ccf1df_6.0.10586.0_none_8c15ae12515e1c22\COMCTL32.dll
0x00007ffe6e0d0000 - 0x00007ffe6e34d000 	C:\WINDOWS\system32\combase.dll
0x00007ffe6ab80000 - 0x00007ffe6abea000 	C:\WINDOWS\system32\bcryptPrimitives.dll
0x00007ffe6d5c0000 - 0x00007ffe6d5fb000 	C:\WINDOWS\system32\IMM32.DLL
0x000000006f100000 - 0x000000006f1d2000 	C:\Program Files\Java\jdk1.8.0_71\jre\bin\msvcr100.dll
0x000000006f580000 - 0x000000006fe0f000 	C:\Program Files\Java\jdk1.8.0_71\jre\bin\server\jvm.dll
0x00007ffe6bea0000 - 0x00007ffe6bea8000 	C:\WINDOWS\system32\PSAPI.DLL
0x00007ffe67c00000 - 0x00007ffe67c09000 	C:\WINDOWS\SYSTEM32\WSOCK32.dll
0x00007ffe6d660000 - 0x00007ffe6d6cb000 	C:\WINDOWS\system32\WS2_32.dll
0x00007ffe684b0000 - 0x00007ffe684d3000 	C:\WINDOWS\SYSTEM32\WINMM.dll
0x00007ffe68480000 - 0x00007ffe684ac000 	C:\WINDOWS\SYSTEM32\WINMMBASE.dll
0x00007ffe6aaa0000 - 0x00007ffe6aae3000 	C:\WINDOWS\system32\cfgmgr32.dll
0x00007ffe63fa0000 - 0x00007ffe63faa000 	C:\WINDOWS\SYSTEM32\VERSION.dll
0x000000006f570000 - 0x000000006f57f000 	C:\Program Files\Java\jdk1.8.0_71\jre\bin\verify.dll
0x000000006f540000 - 0x000000006f569000 	C:\Program Files\Java\jdk1.8.0_71\jre\bin\java.dll
0x000000006f520000 - 0x000000006f536000 	C:\Program Files\Java\jdk1.8.0_71\jre\bin\zip.dll

VM Arguments:
jvm_args: -Djava.awt.headless=true -Xmx1024M -Dfile.encoding=windows-1251 -Duser.country=RU -Duser.language=ru -Duser.variant 
java_command: com.android.dx.command.Main --dex --num-threads=4 --output C:\Users\User\Documents\HtmlViewer\app\build\intermediates\pre-dexed\debug\com.android.support-animated-vector-drawable-23.2.1_4e0c792ee85c2f23b75854c84574ce0c188769d0.jar C:\Users\User\Documents\HtmlViewer\app\build\intermediates\exploded-aar\com.android.support\animated-vector-drawable\23.2.1\jars\classes.jar
java_class_path (initial): C:\Users\User\.android-sdk\build-tools\23.0.3\lib\dx.jar
Launcher Type: SUN_STANDARD

Environment Variables:
JAVA_HOME=C:\Program Files\Java\jdk1.8.0_71
PATH=C:\ProgramData\Oracle\Java\javapath;C:\Program Files\Broadcom\Broadcom 802.11;C:\Program Files (x86)\Intel\iCLS Client\;C:\Program Files\Intel\iCLS Client\;C:\WINDOWS\system32;C:\WINDOWS;C:\WINDOWS\System32\Wbem;C:\WINDOWS\System32\WindowsPowerShell\v1.0\;C:\Program Files\Intel\Intel(R) Management Engine Components\DAL;C:\Program Files (x86)\Intel\Intel(R) Management Engine Components\DAL;C:\Program Files\Intel\Intel(R) Management Engine Components\IPT;C:\Program Files (x86)\Intel\Intel(R) Management Engine Components\IPT;c:\Program Files (x86)\ATI Technologies\ATI.ACE\Core-Static;C:\Program Files\Hewlett-Packard\SimplePass\;C:\Program Files (x86)\Skype\Phone\;%JAVA%\bin;C:\Program Files (x86)\Git\cmd;C:\Users\User\.android-sdk\tools;C:\Users\User\.android-sdk\platform-tools;C:\Program Files\Microsoft\Web Platform Installer\;C:\Program Files (x86)\Microsoft ASP.NET\ASP.NET Web Pages\v1.0\;C:\Program Files (x86)\Windows Kits\8.0\Windows Performance Toolkit\;C:\Program Files\Microsoft SQL Server\110\Tools\Binn\;C:\WINDOWS\system32\config\systemprofile\.dnx\bin;C:\Program Files\Microsoft DNX\Dnvm\;C:\Program Files\Microsoft SQL Server\130\Tools\Binn\
USERNAME=User
OS=Windows_NT
PROCESSOR_IDENTIFIER=Intel64 Family 6 Model 61 Stepping 4, GenuineIntel



---------------  S Y S T E M  ---------------

OS: Windows 10.0 , 64 bit Build 10586 (10.0.10586.0)

CPU:total 4 (2 cores per cpu, 2 threads per core) family 6 model 61 stepping 4, cmov, cx8, fxsr, mmx, sse, sse2, sse3, ssse3, sse4.1, sse4.2, popcnt, avx, avx2, aes, clmul, erms, 3dnowpref, lzcnt, ht, tsc, tscinvbit, bmi1, bmi2, adx

Memory: 4k page, physical 8301964k(1650172k free), swap 8301964k(38512k free)

vm_info: Java HotSpot(TM) 64-Bit Server VM (25.71-b15) for windows-amd64 JRE (1.8.0_71-b15), built on Dec 22 2015 18:15:55 by "java_re" with MS VC++ 10.0 (VS2010)

time: Thu May 05 17:43:24 2016
elapsed time: 0 seconds (0d 0h 0m 0s)

