#
# There is insufficient memory for the Java Runtime Environment to continue.
# Native memory allocation (malloc) failed to allocate 1425856 bytes for Chunk::new
# Possible reasons:
#   The system is out of physical RAM or swap space
#   In 32 bit mode, the process size limit was hit
# Possible solutions:
#   Reduce memory load on the system
#   Increase physical memory or swap space
#   Check if swap backing store is full
#   Use 64 bit Java on a 64 bit OS
#   Decrease Java heap size (-Xmx/-Xms)
#   Decrease number of Java threads
#   Decrease Java thread stack sizes (-Xss)
#   Set larger code cache with -XX:ReservedCodeCacheSize=
# This output file may be truncated or incomplete.
#
#  Out of Memory Error (allocation.cpp:390), pid=5656, tid=10508
#
# JRE version: Java(TM) SE Runtime Environment (8.0_71-b15) (build 1.8.0_71-b15)
# Java VM: Java HotSpot(TM) 64-Bit Server VM (25.71-b15 mixed mode windows-amd64 compressed oops)
# Failed to write core dump. Minidumps are not enabled by default on client versions of Windows
#

---------------  T H R E A D  ---------------

Current thread (0x00000000149ce000):  JavaThread "C2 CompilerThread1" daemon [_thread_in_native, id=10508, stack(0x00000000160f0000,0x00000000161f0000)]

Stack: [0x00000000160f0000,0x00000000161f0000]
[error occurred during error reporting (printing stack bounds), id 0xc0000005]

Native frames: (J=compiled Java code, j=interpreted, Vv=VM code, C=native code)


Current CompileTask:
C2:   2969 1234   !   4       com.android.dx.cf.cst.ConstantPoolParser::parse0 (731 bytes)


---------------  P R O C E S S  ---------------

Java Threads: ( => current thread )
  0x00000000165a8000 JavaThread "pool-1-thread-4" [_thread_in_Java, id=9064, stack(0x0000000016cf0000,0x0000000016df0000)]
  0x00000000165a7000 JavaThread "pool-1-thread-3" [_thread_in_Java, id=10724, stack(0x0000000016bf0000,0x0000000016cf0000)]
  0x00000000165a6800 JavaThread "pool-1-thread-2" [_thread_in_Java, id=8900, stack(0x0000000016af0000,0x0000000016bf0000)]
  0x000000001657b800 JavaThread "pool-2-thread-1" [_thread_blocked, id=10876, stack(0x00000000169f0000,0x0000000016af0000)]
  0x00000000165e3000 JavaThread "pool-1-thread-1" [_thread_in_Java, id=9620, stack(0x00000000168f0000,0x00000000169f0000)]
  0x0000000016305800 JavaThread "Service Thread" daemon [_thread_blocked, id=6388, stack(0x00000000166f0000,0x00000000167f0000)]
  0x0000000014a06000 JavaThread "C1 CompilerThread2" daemon [_thread_blocked, id=7180, stack(0x00000000161f0000,0x00000000162f0000)]
=>0x00000000149ce000 JavaThread "C2 CompilerThread1" daemon [_thread_in_native, id=10508, stack(0x00000000160f0000,0x00000000161f0000)]
  0x00000000149ad000 JavaThread "C2 CompilerThread0" daemon [_thread_in_native, id=1304, stack(0x0000000015ff0000,0x00000000160f0000)]
  0x00000000149ab800 JavaThread "Attach Listener" daemon [_thread_blocked, id=500, stack(0x0000000015ef0000,0x0000000015ff0000)]
  0x00000000149aa000 JavaThread "Signal Dispatcher" daemon [_thread_blocked, id=3876, stack(0x0000000015df0000,0x0000000015ef0000)]
  0x00000000022d0800 JavaThread "Finalizer" daemon [_thread_blocked, id=6964, stack(0x0000000015c00000,0x0000000015d00000)]
  0x00000000022cd800 JavaThread "Reference Handler" daemon [_thread_blocked, id=2148, stack(0x0000000015b00000,0x0000000015c00000)]
  0x00000000021dd800 JavaThread "main" [_thread_in_Java, id=6784, stack(0x0000000001ff0000,0x00000000020f0000)]

Other Threads:
  0x0000000014978800 VMThread [stack: 0x0000000015a00000,0x0000000015b00000] [id=516]
  0x0000000016311800 WatcherThread [stack: 0x00000000167f0000,0x00000000168f0000] [id=2696]

VM state:not at safepoint (normal execution)

VM Mutex/Monitor currently owned by a thread: None

Heap:
 PSYoungGen      total 38400K, used 19600K [0x00000000eab00000, 0x00000000ed580000, 0x0000000100000000)
  eden space 33280K, 43% used [0x00000000eab00000,0x00000000eb92b090,0x00000000ecb80000)
  from space 5120K, 99% used [0x00000000ecb80000,0x00000000ed079250,0x00000000ed080000)
  to   space 5120K, 0% used [0x00000000ed080000,0x00000000ed080000,0x00000000ed580000)
 ParOldGen       total 87552K, used 61K [0x00000000c0000000, 0x00000000c5580000, 0x00000000eab00000)
  object space 87552K, 0% used [0x00000000c0000000,0x00000000c000f448,0x00000000c5580000)
 Metaspace       used 6010K, capacity 6896K, committed 7040K, reserved 1056768K
  class space    used 602K, capacity 616K, committed 640K, reserved 1048576K

Card table byte_map: [0x00000000116a0000,0x00000000118b0000] byte_map_base: 0x00000000110a0000

Marking Bits: (ParMarkBitMap*) 0x000000006fd8f600
 Begin Bits: [0x0000000011e10000, 0x0000000012e10000)
 End Bits:   [0x0000000012e10000, 0x0000000013e10000)

Polling page: 0x0000000000510000

CodeCache: size=245760Kb used=4937Kb max_used=4950Kb free=240822Kb
 bounds [0x00000000022e0000, 0x00000000027c0000, 0x00000000112e0000]
 total_blobs=1513 nmethods=1244 adapters=182
 compilation: enabled

Compilation events (10 events):
Event: 2.890 Thread 0x00000000149ce000 nmethod 1134 0x00000000027af2d0 code [0x00000000027af420, 0x00000000027af658]
Event: 2.890 Thread 0x00000000149ce000 1175   !   4       com.android.dx.rop.cst.StdConstantPool::getOrNull (13 bytes)
Event: 2.891 Thread 0x00000000149ce000 nmethod 1175 0x00000000026ccb10 code [0x00000000026ccc40, 0x00000000026cccd8]
Event: 2.891 Thread 0x00000000149ce000 1136       4       com.android.dx.dex.code.OutputFinisher::updateInfo (44 bytes)
Event: 2.896 Thread 0x00000000149ce000 nmethod 1136 0x00000000027aec90 code [0x00000000027aede0, 0x00000000027af048]
Event: 2.896 Thread 0x00000000149ce000 1153       4       com.android.dx.rop.code.PlainInsn::<init> (73 bytes)
Event: 2.898 Thread 0x00000000149ce000 nmethod 1153 0x00000000027b7b50 code [0x00000000027b7ca0, 0x00000000027b7dd8]
Event: 2.898 Thread 0x00000000149ce000 1239       4       java.util.HashMap::put (13 bytes)
Event: 2.911 Thread 0x00000000149ce000 nmethod 1239 0x00000000027b94d0 code [0x00000000027b9680, 0x00000000027b9ea8]
Event: 2.911 Thread 0x00000000149ce000 1234   !   4       com.android.dx.cf.cst.ConstantPoolParser::parse0 (731 bytes)

GC Heap History (2 events):
Event: 2.403 GC heap before
{Heap before GC invocations=1 (full 0):
 PSYoungGen      total 38400K, used 33280K [0x00000000eab00000, 0x00000000ed580000, 0x0000000100000000)
  eden space 33280K, 100% used [0x00000000eab00000,0x00000000ecb80000,0x00000000ecb80000)
  from space 5120K, 0% used [0x00000000ed080000,0x00000000ed080000,0x00000000ed580000)
  to   space 5120K, 0% used [0x00000000ecb80000,0x00000000ecb80000,0x00000000ed080000)
 ParOldGen       total 87552K, used 0K [0x00000000c0000000, 0x00000000c5580000, 0x00000000eab00000)
  object space 87552K, 0% used [0x00000000c0000000,0x00000000c0000000,0x00000000c5580000)
 Metaspace       used 5881K, capacity 6832K, committed 7040K, reserved 1056768K
  class space    used 600K, capacity 616K, committed 640K, reserved 1048576K
Event: 2.515 GC heap after
Heap after GC invocations=1 (full 0):
 PSYoungGen      total 38400K, used 5092K [0x00000000eab00000, 0x00000000ed580000, 0x0000000100000000)
  eden space 33280K, 0% used [0x00000000eab00000,0x00000000eab00000,0x00000000ecb80000)
  from space 5120K, 99% used [0x00000000ecb80000,0x00000000ed079250,0x00000000ed080000)
  to   space 5120K, 0% used [0x00000000ed080000,0x00000000ed080000,0x00000000ed580000)
 ParOldGen       total 87552K, used 61K [0x00000000c0000000, 0x00000000c5580000, 0x00000000eab00000)
  object space 87552K, 0% used [0x00000000c0000000,0x00000000c000f448,0x00000000c5580000)
 Metaspace       used 5881K, capacity 6832K, committed 7040K, reserved 1056768K
  class space    used 600K, capacity 616K, committed 640K, reserved 1048576K
}

Deoptimization events (8 events):
Event: 0.733 Thread 0x00000000021dd800 Uncommon trap: reason=unstable_if action=reinterpret pc=0x0000000002439f54 method=java.lang.String.compareTo(Ljava/lang/String;)I @ 38
Event: 1.644 Thread 0x00000000165e3000 Uncommon trap: reason=unstable_if action=reinterpret pc=0x00000000024f42c0 method=java.util.HashMap.getNode(ILjava/lang/Object;)Ljava/util/HashMap$Node; @ 62
Event: 1.645 Thread 0x00000000165e3000 Uncommon trap: reason=unstable_if action=reinterpret pc=0x00000000025667b0 method=java.util.HashMap.getNode(ILjava/lang/Object;)Ljava/util/HashMap$Node; @ 62
Event: 2.106 Thread 0x00000000021dd800 Uncommon trap: reason=unstable_if action=reinterpret pc=0x0000000002530d70 method=java.util.BitSet.nextSetBit(I)I @ 87
Event: 2.382 Thread 0x00000000021dd800 Uncommon trap: reason=unstable_if action=reinterpret pc=0x0000000002635c30 method=java.util.HashMap.getNode(ILjava/lang/Object;)Ljava/util/HashMap$Node; @ 129
Event: 2.383 Thread 0x00000000021dd800 Uncommon trap: reason=unstable_if action=reinterpret pc=0x000000000261da70 method=java.util.HashMap.getNode(ILjava/lang/Object;)Ljava/util/HashMap$Node; @ 129
Event: 2.800 Thread 0x00000000165a6800 Uncommon trap: reason=unstable_if action=reinterpret pc=0x00000000026c4938 method=com.android.dx.cf.code.Ropper.labelToResultIndex(I)I @ 34
Event: 2.844 Thread 0x00000000021dd800 Uncommon trap: reason=unstable_if action=reinterpret pc=0x0000000002698fdc method=com.android.dx.rop.cst.Constant.compareTo(Lcom/android/dx/rop/cst/Constant;)I @ 12

Internal exceptions (2 events):
Event: 0.042 Thread 0x00000000021dd800 Exception <a 'java/lang/NoSuchMethodError': Method sun.misc.Unsafe.defineClass(Ljava/lang/String;[BII)Ljava/lang/Class; name or signature does not match> (0x00000000eab130c0) thrown at [C:\re\workspace\8-2-build-windows-amd64-cygwin\jdk8u71\5731\hotspot\sr"¸)ø”Å•?
Event: 0.042 Thread 0x00000000021dd800 Exception <a 'java/lang/NoSuchMethodError': Method sun.misc.Unsafe.prefetchRead(Ljava/lang/Object;J)V name or signature does not match> (0x00000000eab133a8) thrown at [C:\re\workspace\8-2-build-windows-amd64-cygwin\jdk8u71\5731\hotspot\src\share\vm\prims\j

Events (10 events):
Event: 2.800 loading class java/util/HashMap$Values
Event: 2.800 loading class java/util/HashMap$Values done
Event: 2.800 loading class java/util/HashMap$ValueIterator
Event: 2.800 loading class java/util/HashMap$ValueIterator done
Event: 2.800 Thread 0x00000000165a6800 Uncommon trap: trap_request=0xffffff65 fr.pc=0x00000000026c4938
Event: 2.800 Thread 0x00000000165a6800 DEOPT PACKING pc=0x00000000026c4938 sp=0x0000000016beee50
Event: 2.800 Thread 0x00000000165a6800 DEOPT UNPACKING pc=0x000000000232582a sp=0x0000000016beedf8 mode 2
Event: 2.844 Thread 0x00000000021dd800 Uncommon trap: trap_request=0xffffff65 fr.pc=0x0000000002698fdc
Event: 2.845 Thread 0x00000000021dd800 DEOPT PACKING pc=0x0000000002698fdc sp=0x00000000020ee480
Event: 2.845 Thread 0x00000000021dd800 DEOPT UNPACKING pc=0x000000000232582a sp=0x00000000020ee420 mode 2


Dynamic libraries:
0x00007ff6c2090000 - 0x00007ff6c20c7000 	C:\Program Files\Java\jdk1.8.0_71\bin\java.exe
0x00007ffe6e3f0000 - 0x00007ffe6e5b1000 	C:\WINDOWS\SYSTEM32\ntdll.dll
0x00007ffe6d6d0000 - 0x00007ffe6d77d000 	C:\WINDOWS\system32\KERNEL32.DLL
0x00007ffe6b410000 - 0x00007ffe6b5f8000 	C:\WINDOWS\system32\KERNELBASE.dll
0x00007ffe6d820000 - 0x00007ffe6d8c7000 	C:\WINDOWS\system32\ADVAPI32.dll
0x00007ffe6e350000 - 0x00007ffe6e3ed000 	C:\WINDOWS\system32\msvcrt.dll
0x00007ffe6beb0000 - 0x00007ffe6bf0b000 	C:\WINDOWS\system32\sechost.dll
0x00007ffe6db90000 - 0x00007ffe6dcac000 	C:\WINDOWS\system32\RPCRT4.dll
0x00007ffe6da30000 - 0x00007ffe6db86000 	C:\WINDOWS\system32\USER32.dll
0x00007ffe6df40000 - 0x00007ffe6e0c6000 	C:\WINDOWS\system32\GDI32.dll
0x00007ffe65390000 - 0x00007ffe65604000 	C:\WINDOWS\WinSxS\amd64_microsoft.windows.common-controls_6595b64144ccf1df_6.0.10586.0_none_8c15ae12515e1c22\COMCTL32.dll
0x00007ffe6e0d0000 - 0x00007ffe6e34d000 	C:\WINDOWS\system32\combase.dll
0x00007ffe6ab80000 - 0x00007ffe6abea000 	C:\WINDOWS\system32\bcryptPrimitives.dll
0x00007ffe6d5c0000 - 0x00007ffe6d5fb000 	C:\WINDOWS\system32\IMM32.DLL
0x000000006f100000 - 0x000000006f1d2000 	C:\Program Files\Java\jdk1.8.0_71\jre\bin\msvcr100.dll
0x000000006f580000 - 0x000000006fe0f000 	C:\Program Files\Java\jdk1.8.0_71\jre\bin\server\jvm.dll
0x00007ffe6bea0000 - 0x00007ffe6bea8000 	C:\WINDOWS\system32\PSAPI.DLL
0x00007ffe67c00000 - 0x00007ffe67c09000 	C:\WINDOWS\SYSTEM32\WSOCK32.dll
0x00007ffe6d660000 - 0x00007ffe6d6cb000 	C:\WINDOWS\system32\WS2_32.dll
0x00007ffe684b0000 - 0x00007ffe684d3000 	C:\WINDOWS\SYSTEM32\WINMM.dll
0x00007ffe63fa0000 - 0x00007ffe63faa000 	C:\WINDOWS\SYSTEM32\VERSION.dll
0x00007ffe68480000 - 0x00007ffe684ac000 	C:\WINDOWS\SYSTEM32\WINMMBASE.dll
0x00007ffe6aaa0000 - 0x00007ffe6aae3000 	C:\WINDOWS\system32\cfgmgr32.dll
0x000000006f570000 - 0x000000006f57f000 	C:\Program Files\Java\jdk1.8.0_71\jre\bin\verify.dll
0x000000006f540000 - 0x000000006f569000 	C:\Program Files\Java\jdk1.8.0_71\jre\bin\java.dll
0x000000006f520000 - 0x000000006f536000 	C:\Program Files\Java\jdk1.8.0_71\jre\bin\zip.dll
0x00007ffe6bf10000 - 0x00007ffe6d46c000 	C:\WINDOWS\system32\SHELL32.dll
0x00007ffe6adc0000 - 0x00007ffe6b405000 	C:\WINDOWS\system32\windows.storage.dll
0x00007ffe6d600000 - 0x00007ffe6d652000 	C:\WINDOWS\system32\shlwapi.dll
0x00007ffe6aa90000 - 0x00007ffe6aa9f000 	C:\WINDOWS\system32\kernel.appcore.dll
0x00007ffe6abf0000 - 0x00007ffe6aca5000 	C:\WINDOWS\system32\shcore.dll
0x00007ffe6aa30000 - 0x00007ffe6aa7b000 	C:\WINDOWS\system32\powrprof.dll
0x00007ffe6aa10000 - 0x00007ffe6aa24000 	C:\WINDOWS\system32\profapi.dll

VM Arguments:
jvm_args: -Djava.awt.headless=true -Xmx1024M -Dfile.encoding=windows-1251 -Duser.country=RU -Duser.language=ru -Duser.variant 
java_command: com.android.dx.command.Main --dex --num-threads=4 --output C:\Users\User\Documents\HtmlViewer\app\build\intermediates\pre-dexed\debug\com.android.support-support-v4-23.2.1_2e28a158b642a5f77cd9e8dece0b598369a30e2f.jar C:\Users\User\Documents\HtmlViewer\app\build\intermediates\exploded-aar\com.android.support\support-v4\23.2.1\jars\classes.jar
java_class_path (initial): C:\Users\User\.android-sdk\build-tools\23.0.3\lib\dx.jar
Launcher Type: SUN_STANDARD

Environment Variables:
JAVA_HOME=C:\Program Files\Java\jdk1.8.0_71
PATH=C:\ProgramData\Oracle\Java\javapath;C:\Program Files\Broadcom\Broadcom 802.11;C:\Program Files (x86)\Intel\iCLS Client\;C:\Program Files\Intel\iCLS Client\;C:\WINDOWS\system32;C:\WINDOWS;C:\WINDOWS\System32\Wbem;C:\WINDOWS\System32\WindowsPowerShell\v1.0\;C:\Program Files\Intel\Intel(R) Management Engine Components\DAL;C:\Program Files (x86)\Intel\Intel(R) Management Engine Components\DAL;C:\Program Files\Intel\Intel(R) Management Engine Components\IPT;C:\Program Files (x86)\Intel\Intel(R) Management Engine Components\IPT;c:\Program Files (x86)\ATI Technologies\ATI.ACE\Core-Static;C:\Program Files\Hewlett-Packard\SimplePass\;C:\Program Files (x86)\Skype\Phone\;%JAVA%\bin;C:\Program Files (x86)\Git\cmd;C:\Users\User\.android-sdk\tools;C:\Users\User\.android-sdk\platform-tools;C:\Program Files\Microsoft\Web Platform Installer\;C:\Program Files (x86)\Microsoft ASP.NET\ASP.NET Web Pages\v1.0\;C:\Program Files (x86)\Windows Kits\8.0\Windows Performance Toolkit\;C:\Program Files\Microsoft SQL Server\110\Tools\Binn\;C:\WINDOWS\system32\config\systemprofile\.dnx\bin;C:\Program Files\Microsoft DNX\Dnvm\;C:\Program Files\Microsoft SQL Server\130\Tools\Binn\
USERNAME=User
OS=Windows_NT
PROCESSOR_IDENTIFIER=Intel64 Family 6 Model 61 Stepping 4, GenuineIntel



---------------  S Y S T E M  ---------------

OS: Windows 10.0 , 64 bit Build 10586 (10.0.10586.0)

CPU:total 4 (2 cores per cpu, 2 threads per core) family 6 model 61 stepping 4, cmov, cx8, fxsr, mmx, sse, sse2, sse3, ssse3, sse4.1, sse4.2, popcnt, avx, avx2, aes, clmul, erms, 3dnowpref, lzcnt, ht, tsc, tscinvbit, bmi1, bmi2, adx

Memory: 4k page, physical 8301964k(1547080k free), swap 8301964k(4088k free)

vm_info: Java HotSpot(TM) 64-Bit Server VM (25.71-b15) for windows-amd64 JRE (1.8.0_71-b15), built on Dec 22 2015 18:15:55 by "java_re" with MS VC++ 10.0 (VS2010)

time: Thu May 05 17:43:27 2016
elapsed time: 2 seconds (0d 0h 0m 2s)

