#
# There is insufficient memory for the Java Runtime Environment to continue.
# Native memory allocation (malloc) failed to allocate 32744 bytes for ChunkPool::allocate
# Possible reasons:
#   The system is out of physical RAM or swap space
#   In 32 bit mode, the process size limit was hit
# Possible solutions:
#   Reduce memory load on the system
#   Increase physical memory or swap space
#   Check if swap backing store is full
#   Use 64 bit Java on a 64 bit OS
#   Decrease Java heap size (-Xmx/-Xms)
#   Decrease number of Java threads
#   Decrease Java thread stack sizes (-Xss)
#   Set larger code cache with -XX:ReservedCodeCacheSize=
# This output file may be truncated or incomplete.
#
#  Out of Memory Error (allocation.cpp:273), pid=8312, tid=8444
#
# JRE version: Java(TM) SE Runtime Environment (8.0_71-b15) (build 1.8.0_71-b15)
# Java VM: Java HotSpot(TM) 64-Bit Server VM (25.71-b15 mixed mode windows-amd64 compressed oops)
# Failed to write core dump. Minidumps are not enabled by default on client versions of Windows
#

---------------  T H R E A D  ---------------

Current thread (0x0000000016278800):  JavaThread "C1 CompilerThread2" daemon [_thread_in_native, id=8444, stack(0x0000000016670000,0x0000000016770000)]

Stack: [0x0000000016670000,0x0000000016770000]
[error occurred during error reporting (printing stack bounds), id 0xc0000005]

Native frames: (J=compiled Java code, j=interpreted, Vv=VM code, C=native code)


Current CompileTask:
C1:   1157  607   !   3       com.android.dx.cf.code.BytecodeArray::parseInstruction (2764 bytes)


---------------  P R O C E S S  ---------------

Java Threads: ( => current thread )
  0x00000000164e9000 JavaThread "pool-1-thread-4" [_thread_in_Java, id=10588, stack(0x0000000016d70000,0x0000000016e70000)]
  0x00000000164e8800 JavaThread "pool-1-thread-3" [_thread_in_Java, id=10432, stack(0x0000000016c70000,0x0000000016d70000)]
  0x00000000164e8000 JavaThread "pool-1-thread-2" [_thread_blocked, id=8092, stack(0x0000000016b70000,0x0000000016c70000)]
  0x00000000164cf800 JavaThread "pool-2-thread-1" [_thread_blocked, id=2264, stack(0x0000000016a70000,0x0000000016b70000)]
  0x00000000164c6800 JavaThread "pool-1-thread-1" [_thread_blocked, id=6208, stack(0x0000000016970000,0x0000000016a70000)]
  0x000000001627d800 JavaThread "Service Thread" daemon [_thread_blocked, id=1280, stack(0x0000000016770000,0x0000000016870000)]
=>0x0000000016278800 JavaThread "C1 CompilerThread2" daemon [_thread_in_native, id=8444, stack(0x0000000016670000,0x0000000016770000)]
  0x0000000014a60800 JavaThread "C2 CompilerThread1" daemon [_thread_blocked, id=10728, stack(0x0000000016170000,0x0000000016270000)]
  0x0000000014a0d000 JavaThread "C2 CompilerThread0" daemon [_thread_blocked, id=9056, stack(0x0000000016070000,0x0000000016170000)]
  0x0000000014a0b800 JavaThread "Attach Listener" daemon [_thread_blocked, id=1384, stack(0x0000000015f70000,0x0000000016070000)]
  0x0000000014a0a000 JavaThread "Signal Dispatcher" daemon [_thread_blocked, id=9352, stack(0x0000000015e70000,0x0000000015f70000)]
  0x0000000002331000 JavaThread "Finalizer" daemon [_thread_blocked, id=1440, stack(0x0000000015c80000,0x0000000015d80000)]
  0x000000000232e800 JavaThread "Reference Handler" daemon [_thread_blocked, id=8616, stack(0x0000000015b80000,0x0000000015c80000)]
  0x000000000082d800 JavaThread "main" [_thread_blocked, id=8248, stack(0x0000000002140000,0x0000000002240000)]

Other Threads:
  0x00000000149d7800 VMThread [stack: 0x0000000015a80000,0x0000000015b80000] [id=9412]
  0x000000001628b000 WatcherThread [stack: 0x0000000016870000,0x0000000016970000] [id=10572]

VM state:not at safepoint (normal execution)

VM Mutex/Monitor currently owned by a thread: None

Heap:
 PSYoungGen      total 38400K, used 19566K [0x00000000eab00000, 0x00000000ed580000, 0x0000000100000000)
  eden space 33280K, 58% used [0x00000000eab00000,0x00000000ebe1b9a0,0x00000000ecb80000)
  from space 5120K, 0% used [0x00000000ed080000,0x00000000ed080000,0x00000000ed580000)
  to   space 5120K, 0% used [0x00000000ecb80000,0x00000000ecb80000,0x00000000ed080000)
 ParOldGen       total 87552K, used 0K [0x00000000c0000000, 0x00000000c5580000, 0x00000000eab00000)
  object space 87552K, 0% used [0x00000000c0000000,0x00000000c0000000,0x00000000c5580000)
 Metaspace       used 5520K, capacity 6512K, committed 6784K, reserved 1056768K
  class space    used 590K, capacity 616K, committed 640K, reserved 1048576K

Card table byte_map: [0x0000000011700000,0x0000000011910000] byte_map_base: 0x0000000011100000

Marking Bits: (ParMarkBitMap*) 0x000000006fd8f600
 Begin Bits: [0x0000000011e70000, 0x0000000012e70000)
 End Bits:   [0x0000000012e70000, 0x0000000013e70000)

Polling page: 0x0000000000430000

CodeCache: size=245760Kb used=2298Kb max_used=2298Kb free=243461Kb
 bounds [0x0000000002340000, 0x00000000025b0000, 0x0000000011340000]
 total_blobs=867 nmethods=598 adapters=182
 compilation: enabled

Compilation events (10 events):
Event: 1.143 Thread 0x0000000016278800  509       1       com.android.dx.rop.code.ThrowingCstInsn::getCatches (5 bytes)
Event: 1.143 Thread 0x0000000016278800 nmethod 509 0x00000000025755d0 code [0x0000000002575720, 0x0000000002575830]
Event: 1.143 Thread 0x0000000016278800  576       1       com.android.dx.cf.code.Frame::getLocals (5 bytes)
Event: 1.143 Thread 0x0000000016278800 nmethod 576 0x000000000257a190 code [0x000000000257a2e0, 0x000000000257a3f0]
Event: 1.143 Thread 0x0000000016278800  604   !   3       com.android.dx.ssa.LocalVariableInfo::getStarts0 (18 bytes)
Event: 1.143 Thread 0x0000000016278800 nmethod 604 0x0000000002579c10 code [0x0000000002579d80, 0x0000000002579fe8]
Event: 1.143 Thread 0x0000000016278800  610   !   3       com.android.dx.rop.code.BasicBlock::<init> (273 bytes)
Event: 1.146 Thread 0x0000000014a60800 nmethod 606 0x000000000257e4d0 code [0x000000000257e620, 0x000000000257e878]
Event: 1.146 Thread 0x0000000016278800 nmethod 610 0x000000000257e9d0 code [0x000000000257ee40, 0x0000000002581ab8]
Event: 1.146 Thread 0x0000000016278800  607   !   3       com.android.dx.cf.code.BytecodeArray::parseInstruction (2764 bytes)

GC Heap History (0 events):
No events

Deoptimization events (1 events):
Event: 0.505 Thread 0x000000000082d800 Uncommon trap: reason=unstable_if action=reinterpret pc=0x0000000002491dd4 method=java.lang.String.compareTo(Ljava/lang/String;)I @ 38

Internal exceptions (2 events):
Event: 0.139 Thread 0x000000000082d800 Exception <a 'java/lang/NoSuchMethodError': Method sun.misc.Unsafe.defineClass(Ljava/lang/String;[BII)Ljava/lang/Class; name or signature does not match> (0x00000000eab130c0) thrown at [C:\re\workspace\8-2-build-windows-amd64-cygwin\jdk8u71\5731\hotspot\sr(Â9š¾Á?
Event: 0.139 Thread 0x000000000082d800 Exception <a 'java/lang/NoSuchMethodError': Method sun.misc.Unsafe.prefetchRead(Ljava/lang/Object;J)V name or signature does not match> (0x00000000eab133a8) thrown at [C:\re\workspace\8-2-build-windows-amd64-cygwin\jdk8u71\5731\hotspot\src\share\vm\prims\j

Events (10 events):
Event: 1.092 loading class java/io/PrintWriter
Event: 1.093 loading class java/io/PrintWriter done
Event: 1.093 loading class com/android/dx/dex/file/DebugInfoItem
Event: 1.093 loading class com/android/dx/dex/file/DebugInfoItem done
Event: 1.099 loading class com/android/dx/ssa/PhiInsn$Operand
Event: 1.099 loading class com/android/dx/ssa/PhiInsn$Operand done
Event: 1.101 loading class com/android/dx/ssa/back/FirstFitLocalCombiningAllocator$Multiset
Event: 1.101 loading class com/android/dx/ssa/back/FirstFitLocalCombiningAllocator$Multiset done
Event: 1.112 loading class com/android/dx/cf/code/BytecodeArray$ConstantParserVisitor
Event: 1.112 loading class com/android/dx/cf/code/BytecodeArray$ConstantParserVisitor done


Dynamic libraries:
0x00007ff6c2090000 - 0x00007ff6c20c7000 	C:\Program Files\Java\jdk1.8.0_71\bin\java.exe
0x00007ffe6e3f0000 - 0x00007ffe6e5b1000 	C:\WINDOWS\SYSTEM32\ntdll.dll
0x00007ffe6d6d0000 - 0x00007ffe6d77d000 	C:\WINDOWS\system32\KERNEL32.DLL
0x00007ffe6b410000 - 0x00007ffe6b5f8000 	C:\WINDOWS\system32\KERNELBASE.dll
0x00007ffe6d820000 - 0x00007ffe6d8c7000 	C:\WINDOWS\system32\ADVAPI32.dll
0x00007ffe6e350000 - 0x00007ffe6e3ed000 	C:\WINDOWS\system32\msvcrt.dll
0x00007ffe6beb0000 - 0x00007ffe6bf0b000 	C:\WINDOWS\system32\sechost.dll
0x00007ffe6db90000 - 0x00007ffe6dcac000 	C:\WINDOWS\system32\RPCRT4.dll
0x00007ffe6da30000 - 0x00007ffe6db86000 	C:\WINDOWS\system32\USER32.dll
0x00007ffe6df40000 - 0x00007ffe6e0c6000 	C:\WINDOWS\system32\GDI32.dll
0x00007ffe65390000 - 0x00007ffe65604000 	C:\WINDOWS\WinSxS\amd64_microsoft.windows.common-controls_6595b64144ccf1df_6.0.10586.0_none_8c15ae12515e1c22\COMCTL32.dll
0x00007ffe6e0d0000 - 0x00007ffe6e34d000 	C:\WINDOWS\system32\combase.dll
0x00007ffe6ab80000 - 0x00007ffe6abea000 	C:\WINDOWS\system32\bcryptPrimitives.dll
0x00007ffe6d5c0000 - 0x00007ffe6d5fb000 	C:\WINDOWS\system32\IMM32.DLL
0x000000006f100000 - 0x000000006f1d2000 	C:\Program Files\Java\jdk1.8.0_71\jre\bin\msvcr100.dll
0x000000006f580000 - 0x000000006fe0f000 	C:\Program Files\Java\jdk1.8.0_71\jre\bin\server\jvm.dll
0x00007ffe6bea0000 - 0x00007ffe6bea8000 	C:\WINDOWS\system32\PSAPI.DLL
0x00007ffe67c00000 - 0x00007ffe67c09000 	C:\WINDOWS\SYSTEM32\WSOCK32.dll
0x00007ffe6d660000 - 0x00007ffe6d6cb000 	C:\WINDOWS\system32\WS2_32.dll
0x00007ffe63fa0000 - 0x00007ffe63faa000 	C:\WINDOWS\SYSTEM32\VERSION.dll
0x00007ffe684b0000 - 0x00007ffe684d3000 	C:\WINDOWS\SYSTEM32\WINMM.dll
0x00007ffe68480000 - 0x00007ffe684ac000 	C:\WINDOWS\SYSTEM32\WINMMBASE.dll
0x00007ffe6aaa0000 - 0x00007ffe6aae3000 	C:\WINDOWS\system32\cfgmgr32.dll
0x000000006f570000 - 0x000000006f57f000 	C:\Program Files\Java\jdk1.8.0_71\jre\bin\verify.dll
0x000000006f540000 - 0x000000006f569000 	C:\Program Files\Java\jdk1.8.0_71\jre\bin\java.dll
0x000000006f520000 - 0x000000006f536000 	C:\Program Files\Java\jdk1.8.0_71\jre\bin\zip.dll
0x00007ffe6bf10000 - 0x00007ffe6d46c000 	C:\WINDOWS\system32\SHELL32.dll
0x00007ffe6adc0000 - 0x00007ffe6b405000 	C:\WINDOWS\system32\windows.storage.dll
0x00007ffe6d600000 - 0x00007ffe6d652000 	C:\WINDOWS\system32\shlwapi.dll
0x00007ffe6aa90000 - 0x00007ffe6aa9f000 	C:\WINDOWS\system32\kernel.appcore.dll
0x00007ffe6abf0000 - 0x00007ffe6aca5000 	C:\WINDOWS\system32\shcore.dll
0x00007ffe6aa30000 - 0x00007ffe6aa7b000 	C:\WINDOWS\system32\powrprof.dll
0x00007ffe6aa10000 - 0x00007ffe6aa24000 	C:\WINDOWS\system32\profapi.dll

VM Arguments:
jvm_args: -Djava.awt.headless=true -Xmx1024M -Dfile.encoding=windows-1251 -Duser.country=RU -Duser.language=ru -Duser.variant 
java_command: com.android.dx.command.Main --dex --num-threads=4 --output C:\Users\User\Documents\HtmlViewer\app\build\intermediates\pre-dexed\debug\internal_impl-23.2.1_811a8b702b2fd786a069dcf4524a76f62d56df81.jar C:\Users\User\Documents\HtmlViewer\app\build\intermediates\exploded-aar\com.android.support\support-v4\23.2.1\jars\libs\internal_impl-23.2.1.jar
java_class_path (initial): C:\Users\User\.android-sdk\build-tools\23.0.3\lib\dx.jar
Launcher Type: SUN_STANDARD

Environment Variables:
JAVA_HOME=C:\Program Files\Java\jdk1.8.0_71
PATH=C:\ProgramData\Oracle\Java\javapath;C:\Program Files\Broadcom\Broadcom 802.11;C:\Program Files (x86)\Intel\iCLS Client\;C:\Program Files\Intel\iCLS Client\;C:\WINDOWS\system32;C:\WINDOWS;C:\WINDOWS\System32\Wbem;C:\WINDOWS\System32\WindowsPowerShell\v1.0\;C:\Program Files\Intel\Intel(R) Management Engine Components\DAL;C:\Program Files (x86)\Intel\Intel(R) Management Engine Components\DAL;C:\Program Files\Intel\Intel(R) Management Engine Components\IPT;C:\Program Files (x86)\Intel\Intel(R) Management Engine Components\IPT;c:\Program Files (x86)\ATI Technologies\ATI.ACE\Core-Static;C:\Program Files\Hewlett-Packard\SimplePass\;C:\Program Files (x86)\Skype\Phone\;%JAVA%\bin;C:\Program Files (x86)\Git\cmd;C:\Users\User\.android-sdk\tools;C:\Users\User\.android-sdk\platform-tools;C:\Program Files\Microsoft\Web Platform Installer\;C:\Program Files (x86)\Microsoft ASP.NET\ASP.NET Web Pages\v1.0\;C:\Program Files (x86)\Windows Kits\8.0\Windows Performance Toolkit\;C:\Program Files\Microsoft SQL Server\110\Tools\Binn\;C:\WINDOWS\system32\config\systemprofile\.dnx\bin;C:\Program Files\Microsoft DNX\Dnvm\;C:\Program Files\Microsoft SQL Server\130\Tools\Binn\
USERNAME=User
OS=Windows_NT
PROCESSOR_IDENTIFIER=Intel64 Family 6 Model 61 Stepping 4, GenuineIntel



---------------  S Y S T E M  ---------------

OS: Windows 10.0 , 64 bit Build 10586 (10.0.10586.0)

CPU:total 4 (2 cores per cpu, 2 threads per core) family 6 model 61 stepping 4, cmov, cx8, fxsr, mmx, sse, sse2, sse3, ssse3, sse4.1, sse4.2, popcnt, avx, avx2, aes, clmul, erms, 3dnowpref, lzcnt, ht, tsc, tscinvbit, bmi1, bmi2, adx

Memory: 4k page, physical 8301964k(1573860k free), swap 8301964k(3212k free)

vm_info: Java HotSpot(TM) 64-Bit Server VM (25.71-b15) for windows-amd64 JRE (1.8.0_71-b15), built on Dec 22 2015 18:15:55 by "java_re" with MS VC++ 10.0 (VS2010)

time: Thu May 05 17:43:23 2016
elapsed time: 1 seconds (0d 0h 0m 1s)

