
[error occurred during error reporting (printing stack bounds), id 0xc0000005]

Native frames: (J=compiled Java code, j=interpreted, Vv=VM code, C=native code)


Current CompileTask:
C2:   1255  655       4       com.android.dx.ssa.SsaBasicBlock::forEachInsn (37 bytes)


---------------  P R O C E S S  ---------------

Java Threads: ( => current thread )
  0x00000000164c4000 JavaThread "pool-1-thread-4" [_thread_in_Java, id=9280, stack(0x0000000016c50000,0x0000000016d50000)]
  0x00000000164c2000 JavaThread "pool-1-thread-3" [_thread_in_Java, id=6232, stack(0x0000000016b50000,0x0000000016c50000)]
  0x00000000164c1800 JavaThread "pool-1-thread-2" [_thread_in_Java, id=11104, stack(0x0000000016a50000,0x0000000016b50000)]
  0x00000000164a7000 JavaThread "pool-2-thread-1" [_thread_blocked, id=11124, stack(0x0000000016950000,0x0000000016a50000)]
  0x00000000164a6000 JavaThread "pool-1-thread-1" [_thread_in_vm, id=9168, stack(0x0000000016850000,0x0000000016950000)]
  0x000000001496c800 JavaThread "Service Thread" daemon [_thread_blocked, id=3860, stack(0x0000000016650000,0x0000000016750000)]
  0x0000000014915800 JavaThread "C1 CompilerThread2" daemon [_thread_in_native, id=9288, stack(0x0000000016150000,0x0000000016250000)]
  0x0000000014912000 JavaThread "C2 CompilerThread1" daemon [_thread_in_native, id=216, stack(0x0000000016050000,0x0000000016150000)]
=>0x000000001490d000 JavaThread "C2 CompilerThread0" daemon [_thread_in_native, id=2316, stack(0x0000000015f50000,0x0000000016050000)]
  0x000000001490b800 JavaThread "Attach Listener" daemon [_thread_blocked, id=5888, stack(0x0000000015e50000,0x0000000015f50000)]
  0x000000001490a000 JavaThread "Signal Dispatcher" daemon [_thread_blocked, id=5820, stack(0x0000000015d50000,0x0000000015e50000)]
  0x0000000002230800 JavaThread "Finalizer" daemon [_thread_blocked, id=8548, stack(0x0000000015b60000,0x0000000015c60000)]
  0x000000000222d800 JavaThread "Reference Handler" daemon [_thread_blocked, id=3192, stack(0x0000000015a60000,0x0000000015b60000)]
  0x0000000001fbd800 JavaThread "main" [_thread_in_vm, id=2252, stack(0x0000000002040000,0x0000000002140000)]

Other Threads:
  0x00000000148d8800 VMThread [stack: 0x0000000015960000,0x0000000015a60000] [id=8992]
  0x0000000016273000 WatcherThread [stack: 0x0000000016750000,0x0000000016850000] [id=7728]

VM state:not at safepoint (normal execution)

VM Mutex/Monitor currently owned by a thread: None

Heap:
 PSYoungGen      total 38400K, used 20691K [0x00000000eab00000, 0x00000000ed580000, 0x0000000100000000)
  eden space 33280K, 62% used [0x00000000eab00000,0x00000000ebf34fa0,0x00000000ecb80000)
  from space 5120K, 0% used [0x00000000ed080000,0x00000000ed080000,0x00000000ed580000)
  to   space 5120K, 0% used [0x00000000ecb80000,0x00000000ecb80000,0x00000000ed080000)
 ParOldGen       total 87552K, used 0K [0x00000000c0000000, 0x00000000c5580000, 0x00000000eab00000)
  object space 87552K, 0% used [0x00000000c0000000,0x00000000c0000000,0x00000000c5580000)
 Metaspace       used 5762K, capacity 6704K, committed 6784K, reserved 1056768K
  class space    used 596K, capacity 616K, committed 640K, reserved 1048576K

Card table byte_map: [0x0000000011600000,0x0000000011810000] byte_map_base: 0x0000000011000000

Marking Bits: (ParMarkBitMap*) 0x000000006fd8f600
 Begin Bits: [0x0000000011d70000, 0x0000000012d70000)
 End Bits:   [0x0000000012d70000, 0x0000000013d70000)

Polling page: 0x0000000001f40000

CodeCache: size=245760Kb used=2842Kb max_used=2853Kb free=242917Kb
 bounds [0x0000000002240000, 0x0000000002510000, 0x0000000011240000]
 total_blobs=989 nmethods=720 adapters=182
 compilation: enabled

Compilation events (10 events):
Event: 1.214 Thread 0x0000000014915800 nmethod 696 0x00000000024de990 code [0x00000000024deb00, 0x00000000024ded68]
Event: 1.214 Thread 0x0000000014915800  682       3       com.android.dx.ssa.SsaRenamer$BlockRenamer::visitNonMoveInsn (14 bytes)
Event: 1.214 Thread 0x0000000014915800 nmethod 682 0x00000000024de4d0 code [0x00000000024de640, 0x00000000024de898]
Event: 1.214 Thread 0x0000000014915800  698       3       com.android.dx.rop.code.RegisterSpec::<init> (48 bytes)
Event: 1.215 Thread 0x0000000014915800 nmethod 698 0x00000000024e5690 code [0x00000000024e5820, 0x00000000024e5bf8]
Event: 1.215 Thread 0x0000000014915800  645       3       com.android.dx.ssa.SsaRenamer::access$800 (6 bytes)
Event: 1.215 Thread 0x0000000014915800 nmethod 645 0x00000000024e5250 code [0x00000000024e53c0, 0x00000000024e55b0]
Event: 1.215 Thread 0x0000000014915800  646       3       com.android.dx.ssa.SsaRenamer::isBelowThresholdRegister (14 bytes)
Event: 1.215 Thread 0x0000000014915800 nmethod 646 0x00000000024e4ed0 code [0x00000000024e5020, 0x00000000024e51d0]
Event: 1.215 Thread 0x0000000014915800  699       3       com.android.dx.ssa.MoveParamCombiner$1::visitNonMoveInsn (213 bytes)

GC Heap History (0 events):
No events

Deoptimization events (3 events):
Event: 0.520 Thread 0x0000000001fbd800 Uncommon trap: reason=unstable_if action=reinterpret pc=0x0000000002390954 method=java.lang.String.compareTo(Ljava/lang/String;)I @ 38
Event: 1.191 Thread 0x00000000164c1800 Uncommon trap: reason=unstable_if action=reinterpret pc=0x000000000246da9c method=java.util.HashMap.getNode(ILjava/lang/Object;)Ljava/util/HashMap$Node; @ 129
Event: 1.211 Thread 0x00000000164c2000 Uncommon trap: reason=unstable_if action=reinterpret pc=0x000000000246bbb0 method=java.util.BitSet.nextSetBit(I)I @ 87

Internal exceptions (2 events):
Event: 0.080 Thread 0x0000000001fbd800 Exception <a 'java/lang/NoSuchMethodError': Method sun.misc.Unsafe.defineClass(Ljava/lang/String;[BII)Ljava/lang/Class; name or signature does not match> (0x00000000eab130c0) thrown at [C:\re\workspace\8-2-build-windows-amd64-cygwin\jdk8u71\5731\hotspot\srEþä-ð‘´?
Event: 0.080 Thread 0x0000000001fbd800 Exception <a 'java/lang/NoSuchMethodError': Method sun.misc.Unsafe.prefetchRead(Ljava/lang/Object;J)V name or signature does not match> (0x00000000eab133a8) thrown at [C:\re\workspace\8-2-build-windows-amd64-cygwin\jdk8u71\5731\hotspot\src\share\vm\prims\j

Events (10 events):
Event: 1.191 Thread 0x00000000164c1800 Uncommon trap: trap_request=0xffffff65 fr.pc=0x000000000246da9c
Event: 1.191 Thread 0x00000000164c1800 DEOPT PACKING pc=0x000000000246da9c sp=0x0000000016b4e830
Event: 1.191 Thread 0x00000000164c1800 DEOPT UNPACKING pc=0x000000000228582a sp=0x0000000016b4e7a8 mode 2
Event: 1.191 loading class java/util/ArrayList$1
Event: 1.191 loading class java/util/ArrayList$1 done
Event: 1.193 loading class com/android/dx/cf/code/SwitchList
Event: 1.193 loading class com/android/dx/cf/code/SwitchList done
Event: 1.211 Thread 0x00000000164c2000 Uncommon trap: trap_request=0xffffff65 fr.pc=0x000000000246bbb0
Event: 1.211 Thread 0x00000000164c2000 DEOPT PACKING pc=0x000000000246bbb0 sp=0x0000000016c4ec70
Event: 1.211 Thread 0x00000000164c2000 DEOPT UNPACKING pc=0x000000000228582a sp=0x0000000016c4ec08 mode 2


Dynamic libraries:
0x00007ff6c2090000 - 0x00007ff6c20c7000 	C:\Program Files\Java\jdk1.8.0_71\bin\java.exe
0x00007ffe6e3f0000 - 0x00007ffe6e5b1000 	C:\WINDOWS\SYSTEM32\ntdll.dll
0x00007ffe6d6d0000 - 0x00007ffe6d77d000 	C:\WINDOWS\system32\KERNEL32.DLL
0x00007ffe6b410000 - 0x00007ffe6b5f8000 	C:\WINDOWS\system32\KERNELBASE.dll
0x00007ffe6d820000 - 0x00007ffe6d8c7000 	C:\WINDOWS\system32\ADVAPI32.dll
0x00007ffe6e350000 - 0x00007ffe6e3ed000 	C:\WINDOWS\system32\msvcrt.dll
0x00007ffe6beb0000 - 0x00007ffe6bf0b000 	C:\WINDOWS\system32\sechost.dll
0x00007ffe6db90000 - 0x00007ffe6dcac000 	C:\WINDOWS\system32\RPCRT4.dll
0x00007ffe6da30000 - 0x00007ffe6db86000 	C:\WINDOWS\system32\USER32.dll
0x00007ffe6df40000 - 0x00007ffe6e0c6000 	C:\WINDOWS\system32\GDI32.dll
0x00007ffe65390000 - 0x00007ffe65604000 	C:\WINDOWS\WinSxS\amd64_microsoft.windows.common-controls_6595b64144ccf1df_6.0.10586.0_none_8c15ae12515e1c22\COMCTL32.dll
0x00007ffe6e0d0000 - 0x00007ffe6e34d000 	C:\WINDOWS\system32\combase.dll
0x00007ffe6ab80000 - 0x00007ffe6abea000 	C:\WINDOWS\system32\bcryptPrimitives.dll
0x00007ffe6d5c0000 - 0x00007ffe6d5fb000 	C:\WINDOWS\system32\IMM32.DLL
0x000000006f100000 - 0x000000006f1d2000 	C:\Program Files\Java\jdk1.8.0_71\jre\bin\msvcr100.dll
0x000000006f580000 - 0x000000006fe0f000 	C:\Program Files\Java\jdk1.8.0_71\jre\bin\server\jvm.dll
0x00007ffe6bea0000 - 0x00007ffe6bea8000 	C:\WINDOWS\system32\PSAPI.DLL
0x00007ffe67c00000 - 0x00007ffe67c09000 	C:\WINDOWS\SYSTEM32\WSOCK32.dll
0x00007ffe684b0000 - 0x00007ffe684d3000 	C:\WINDOWS\SYSTEM32\WINMM.dll
0x00007ffe6d660000 - 0x00007ffe6d6cb000 	C:\WINDOWS\system32\WS2_32.dll
0x00007ffe63fa0000 - 0x00007ffe63faa000 	C:\WINDOWS\SYSTEM32\VERSION.dll
0x00007ffe68480000 - 0x00007ffe684ac000 	C:\WINDOWS\SYSTEM32\WINMMBASE.dll
0x00007ffe6aaa0000 - 0x00007ffe6aae3000 	C:\WINDOWS\system32\cfgmgr32.dll
0x000000006f570000 - 0x000000006f57f000 	C:\Program Files\Java\jdk1.8.0_71\jre\bin\verify.dll
0x000000006f540000 - 0x000000006f569000 	C:\Program Files\Java\jdk1.8.0_71\jre\bin\java.dll
0x000000006f520000 - 0x000000006f536000 	C:\Program Files\Java\jdk1.8.0_71\jre\bin\zip.dll
0x00007ffe6bf10000 - 0x00007ffe6d46c000 	C:\WINDOWS\system32\SHELL32.dll
0x00007ffe6adc0000 - 0x00007ffe6b405000 	C:\WINDOWS\system32\windows.storage.dll
0x00007ffe6d600000 - 0x00007ffe6d652000 	C:\WINDOWS\system32\shlwapi.dll
0x00007ffe6aa90000 - 0x00007ffe6aa9f000 	C:\WINDOWS\system32\kernel.appcore.dll
0x00007ffe6abf0000 - 0x00007ffe6aca5000 	C:\WINDOWS\system32\shcore.dll
0x00007ffe6aa30000 - 0x00007ffe6aa7b000 	C:\WINDOWS\system32\powrprof.dll
0x00007ffe6aa10000 - 0x00007ffe6aa24000 	C:\WINDOWS\system32\profapi.dll

VM Arguments:
jvm_args: -Djava.awt.headless=true -Xmx1024M -Dfile.encoding=windows-1251 -Duser.country=RU -Duser.language=ru -Duser.variant 
java_command: com.android.dx.command.Main --dex --num-threads=4 --output C:\Users\User\Documents\HtmlViewer\app\build\intermediates\pre-dexed\debug\com.android.support-design-23.2.1_99b2457fa132c490c8f327ca83950aa01d5275d3.jar C:\Users\User\Documents\HtmlViewer\app\build\intermediates\exploded-aar\com.android.support\design\23.2.1\jars\classes.jar
java_class_path (initial): C:\Users\User\.android-sdk\build-tools\23.0.3\lib\dx.jar
Launcher Type: SUN_STANDARD

Environment Variables:
JAVA_HOME=C:\Program Files\Java\jdk1.8.0_71
PATH=C:\ProgramData\Oracle\Java\javapath;C:\Program Files\Broadcom\Broadcom 802.11;C:\Program Files (x86)\Intel\iCLS Client\;C:\Program Files\Intel\iCLS Client\;C:\WINDOWS\system32;C:\WINDOWS;C:\WINDOWS\System32\Wbem;C:\WINDOWS\System32\WindowsPowerShell\v1.0\;C:\Program Files\Intel\Intel(R) Management Engine Components\DAL;C:\Program Files (x86)\Intel\Intel(R) Management Engine Components\DAL;C:\Program Files\Intel\Intel(R) Management Engine Components\IPT;C:\Program Files (x86)\Intel\Intel(R) Management Engine Components\IPT;c:\Program Files (x86)\ATI Technologies\ATI.ACE\Core-Static;C:\Program Files\Hewlett-Packard\SimplePass\;C:\Program Files (x86)\Skype\Phone\;%JAVA%\bin;C:\Program Files (x86)\Git\cmd;C:\Users\User\.android-sdk\tools;C:\Users\User\.android-sdk\platform-tools;C:\Program Files\Microsoft\Web Platform Installer\;C:\Program Files (x86)\Microsoft ASP.NET\ASP.NET Web Pages\v1.0\;C:\Program Files (x86)\Windows Kits\8.0\Windows Performance Toolkit\;C:\Program Files\Microsoft SQL Server\110\Tools\Binn\;C:\WINDOWS\system32\config\systemprofile\.dnx\bin;C:\Program Files\Microsoft DNX\Dnvm\;C:\Program Files\Microsoft SQL Server\130\Tools\Binn\
USERNAME=User
OS=Windows_NT
PROCESSOR_IDENTIFIER=Intel64 Family 6 Model 61 Stepping 4, GenuineIntel



---------------  S Y S T E M  ---------------

OS: Windows 10.0 , 64 bit Build 10586 (10.0.10586.0)

CPU:total 4 (2 cores per cpu, 2 threads per core) family 6 model 61 stepping 4, cmov, cx8, fxsr, mmx, sse, sse2, sse3, ssse3, sse4.1, sse4.2, popcnt, avx, avx2, aes, clmul, erms, 3dnowpref, lzcnt, ht, tsc, tscinvbit, bmi1, bmi2, adx

Memory: 4k page, physical 8301964k(1566404k free), swap 8301964k(1168k free)

vm_info: Java HotSpot(TM) 64-Bit Server VM (25.71-b15) for windows-amd64 JRE (1.8.0_71-b15), built on Dec 22 2015 18:15:55 by "java_re" with MS VC++ 10.0 (VS2010)

time: Thu May 05 17:43:23 2016
elapsed time: 1 seconds (0d 0h 0m 1s)

