#
# There is insufficient memory for the Java Runtime Environment to continue.
# Native memory allocation (malloc) failed to allocate 111088 bytes for Chunk::new
# Possible reasons:
#   The system is out of physical RAM or swap space
#   In 32 bit mode, the process size limit was hit
# Possible solutions:
#   Reduce memory load on the system
#   Increase physical memory or swap space
#   Check if swap backing store is full
#   Use 64 bit Java on a 64 bit OS
#   Decrease Java heap size (-Xmx/-Xms)
#   Decrease number of Java threads
#   Decrease Java thread stack sizes (-Xss)
#   Set larger code cache with -XX:ReservedCodeCacheSize=
# This output file may be truncated or incomplete.
#
#  Out of Memory Error (allocation.cpp:390), pid=3964, tid=8128
#
# JRE version: Java(TM) SE Runtime Environment (8.0_71-b15) (build 1.8.0_71-b15)
# Java VM: Java HotSpot(TM) 64-Bit Server VM (25.71-b15 mixed mode windows-amd64 compressed oops)
# Failed to write core dump. Minidumps are not enabled by default on client versions of Windows
#

---------------  T H R E A D  ---------------

Current thread (0x000000001492e000):  JavaThread "C2 CompilerThread0" daemon [_thread_in_native, id=8128, stack(0x0000000015fa0000,0x00000000160a0000)]

Stack: [0x0000000015fa0000,0x00000000160a0000]
[error occurred during error reporting (printing stack bounds), id 0xc0000005]

Native frames: (J=compiled Java code, j=interpreted, Vv=VM code, C=native code)


Current CompileTask:
C2:   2953 1159       4       com.android.dx.ssa.back.FirstFitLocalCombiningAllocator$1::processInsn (169 bytes)


---------------  P R O C E S S  ---------------

Java Threads: ( => current thread )
  0x00000000162f0800 JavaThread "pool-1-thread-4" [_thread_in_Java, id=11160, stack(0x0000000016ca0000,0x0000000016da0000)]
  0x00000000162ef800 JavaThread "pool-1-thread-3" [_thread_in_Java, id=2532, stack(0x0000000016ba0000,0x0000000016ca0000)]
  0x00000000161ed800 JavaThread "pool-2-thread-1" [_thread_blocked, id=10416, stack(0x00000000169a0000,0x0000000016aa0000)]
  0x00000000161dc000 JavaThread "pool-1-thread-1" [_thread_in_Java, id=10564, stack(0x00000000168a0000,0x00000000169a0000)]
  0x00000000160a6800 JavaThread "Service Thread" daemon [_thread_blocked, id=9972, stack(0x00000000166a0000,0x00000000167a0000)]
  0x000000001498d800 JavaThread "C1 CompilerThread2" daemon [_thread_blocked, id=6684, stack(0x00000000165a0000,0x00000000166a0000)]
  0x000000001498c800 JavaThread "C2 CompilerThread1" daemon [_thread_in_native, id=2580, stack(0x00000000164a0000,0x00000000165a0000)]
=>0x000000001492e000 JavaThread "C2 CompilerThread0" daemon [_thread_in_native, id=8128, stack(0x0000000015fa0000,0x00000000160a0000)]
  0x000000001492c800 JavaThread "Attach Listener" daemon [_thread_blocked, id=4008, stack(0x0000000015ea0000,0x0000000015fa0000)]
  0x000000001492b000 JavaThread "Signal Dispatcher" daemon [_thread_blocked, id=5496, stack(0x0000000015da0000,0x0000000015ea0000)]
  0x0000000002256800 JavaThread "Finalizer" daemon [_thread_blocked, id=9692, stack(0x0000000015bb0000,0x0000000015cb0000)]
  0x000000000224e800 JavaThread "Reference Handler" daemon [_thread_blocked, id=10764, stack(0x0000000015ab0000,0x0000000015bb0000)]
  0x000000000215d800 JavaThread "main" [_thread_blocked, id=8732, stack(0x0000000001fc0000,0x00000000020c0000)]

Other Threads:
  0x00000000148f7800 VMThread [stack: 0x00000000159b0000,0x0000000015ab0000] [id=9928]
  0x00000000160c2800 WatcherThread [stack: 0x00000000167a0000,0x00000000168a0000] [id=10244]

VM state:not at safepoint (normal execution)

VM Mutex/Monitor currently owned by a thread: None

Heap:
 PSYoungGen      total 38400K, used 32950K [0x00000000eab00000, 0x00000000ed580000, 0x0000000100000000)
  eden space 33280K, 99% used [0x00000000eab00000,0x00000000ecb2dae0,0x00000000ecb80000)
  from space 5120K, 0% used [0x00000000ed080000,0x00000000ed080000,0x00000000ed580000)
  to   space 5120K, 0% used [0x00000000ecb80000,0x00000000ecb80000,0x00000000ed080000)
 ParOldGen       total 87552K, used 0K [0x00000000c0000000, 0x00000000c5580000, 0x00000000eab00000)
  object space 87552K, 0% used [0x00000000c0000000,0x00000000c0000000,0x00000000c5580000)
 Metaspace       used 5956K, capacity 6898K, committed 7040K, reserved 1056768K
  class space    used 603K, capacity 618K, committed 640K, reserved 1048576K

Card table byte_map: [0x0000000011620000,0x0000000011830000] byte_map_base: 0x0000000011020000

Marking Bits: (ParMarkBitMap*) 0x000000006fd8f600
 Begin Bits: [0x0000000011d90000, 0x0000000012d90000)
 End Bits:   [0x0000000012d90000, 0x0000000013d90000)

Polling page: 0x0000000000520000

CodeCache: size=245760Kb used=4827Kb max_used=4827Kb free=240932Kb
 bounds [0x0000000002260000, 0x0000000002720000, 0x0000000011260000]
 total_blobs=1418 nmethods=1149 adapters=182
 compilation: enabled

Compilation events (10 events):
Event: 2.883 Thread 0x000000001498c800 nmethod 1161 0x00000000026f9290 code [0x00000000026f9420, 0x00000000026f9b38]
Event: 2.885 Thread 0x000000001498d800 1162       3       com.android.dx.rop.cst.CstString::equals (24 bytes)
Event: 2.885 Thread 0x000000001498d800 nmethod 1162 0x00000000026fb250 code [0x00000000026fb3c0, 0x00000000026fb808]
Event: 2.886 Thread 0x000000001498c800 1163       4       com.android.dx.rop.code.RopMethod::labelToPredecessors (54 bytes)
Event: 2.928 Thread 0x000000001498c800 nmethod 1163 0x0000000002719350 code [0x0000000002719540, 0x000000000271aa58]
Event: 2.928 Thread 0x000000001498d800 1164       3       com.android.dx.ssa.back.IdenticalBlockCombiner::process (323 bytes)
Event: 2.930 Thread 0x000000001498d800 nmethod 1164 0x00000000026f5450 code [0x00000000026f57e0, 0x00000000026f7c98]
Event: 2.931 Thread 0x000000001498d800 1165       3       com.android.dx.ssa.SsaConverter::edgeSplitPredecessors (44 bytes)
Event: 2.932 Thread 0x000000001498d800 nmethod 1165 0x00000000026f4310 code [0x00000000026f4520, 0x00000000026f4ee8]
Event: 2.932 Thread 0x000000001498c800 1166       4       com.android.dx.ssa.LocalVariableExtractor::processBlock (383 bytes)

GC Heap History (0 events):
No events

Deoptimization events (5 events):
Event: 1.339 Thread 0x000000000215d800 Uncommon trap: reason=unstable_if action=reinterpret pc=0x000000000247ccc4 method=java.util.HashMap.getNode(ILjava/lang/Object;)Ljava/util/HashMap$Node; @ 62
Event: 2.442 Thread 0x00000000162f0800 Uncommon trap: reason=unstable_if action=reinterpret pc=0x0000000002665afc method=com.android.dx.util.IntList.binarysearch(I)I @ 105
Event: 2.459 Thread 0x00000000162f0800 Uncommon trap: reason=bimorphic action=maybe_recompile pc=0x00000000024c56e8 method=java.util.HashMap.getNode(ILjava/lang/Object;)Ljava/util/HashMap$Node; @ 126
Event: 2.459 Thread 0x00000000162f0800 Uncommon trap: reason=class_check action=maybe_recompile pc=0x00000000026af6b4 method=java.util.HashMap.putVal(ILjava/lang/Object;Ljava/lang/Object;ZZ)Ljava/lang/Object; @ 203
Event: 2.463 Thread 0x00000000162f0800 Uncommon trap: reason=null_check action=make_not_entrant pc=0x0000000002649468 method=com.android.dx.rop.type.Type.equals(Ljava/lang/Object;)Z @ 8

Internal exceptions (3 events):
Event: 0.047 Thread 0x000000000215d800 Exception <a 'java/lang/NoSuchMethodError': Method sun.misc.Unsafe.defineClass(Ljava/lang/String;[BII)Ljava/lang/Class; name or signature does not match> (0x00000000eab130c0) thrown at [C:\re\workspace\8-2-build-windows-amd64-cygwin\jdk8u71\5731\hotspot\sr	n1?¨¨?
Event: 0.047 Thread 0x000000000215d800 Exception <a 'java/lang/NoSuchMethodError': Method sun.misc.Unsafe.prefetchRead(Ljava/lang/Object;J)V name or signature does not match> (0x00000000eab133a8) thrown at [C:\re\workspace\8-2-build-windows-amd64-cygwin\jdk8u71\5731\hotspot\src\share\vm\prims\jÌ{wCq³@
Event: 2.463 Thread 0x00000000162f0800 Implicit null exception at 0x0000000002649362 to 0x000000000264945a

Events (10 events):
Event: 2.463 Thread 0x00000000162f0800 DEOPT UNPACKING pc=0x00000000022a582a sp=0x0000000016d9e228 mode 2
Event: 2.463 Thread 0x00000000162f0800 DEOPT PACKING pc=0x000000000254ef42 sp=0x0000000016d9e470
Event: 2.463 Thread 0x00000000162f0800 DEOPT UNPACKING pc=0x00000000022a787f sp=0x0000000016d9e1d8 mode 0
Event: 2.483 loading class java/util/HashMap$KeySet
Event: 2.483 loading class java/util/HashMap$KeySet done
Event: 2.483 loading class java/util/HashMap$KeyIterator
Event: 2.483 loading class java/util/HashMap$KeyIterator done
Event: 2.487 Thread 0x00000000161ee000 DEOPT PACKING pc=0x0000000002570e12 sp=0x0000000016b9e690
Event: 2.487 Thread 0x00000000161ee000 DEOPT UNPACKING pc=0x00000000022a787f sp=0x0000000016b9e3f8 mode 0
Event: 2.508 Thread 0x00000000161ee000 Thread exited: 0x00000000161ee000


Dynamic libraries:
0x00007ff6c2090000 - 0x00007ff6c20c7000 	C:\Program Files\Java\jdk1.8.0_71\bin\java.exe
0x00007ffe6e3f0000 - 0x00007ffe6e5b1000 	C:\WINDOWS\SYSTEM32\ntdll.dll
0x00007ffe6d6d0000 - 0x00007ffe6d77d000 	C:\WINDOWS\system32\KERNEL32.DLL
0x00007ffe6b410000 - 0x00007ffe6b5f8000 	C:\WINDOWS\system32\KERNELBASE.dll
0x00007ffe6d820000 - 0x00007ffe6d8c7000 	C:\WINDOWS\system32\ADVAPI32.dll
0x00007ffe6e350000 - 0x00007ffe6e3ed000 	C:\WINDOWS\system32\msvcrt.dll
0x00007ffe6beb0000 - 0x00007ffe6bf0b000 	C:\WINDOWS\system32\sechost.dll
0x00007ffe6db90000 - 0x00007ffe6dcac000 	C:\WINDOWS\system32\RPCRT4.dll
0x00007ffe6da30000 - 0x00007ffe6db86000 	C:\WINDOWS\system32\USER32.dll
0x00007ffe6df40000 - 0x00007ffe6e0c6000 	C:\WINDOWS\system32\GDI32.dll
0x00007ffe65390000 - 0x00007ffe65604000 	C:\WINDOWS\WinSxS\amd64_microsoft.windows.common-controls_6595b64144ccf1df_6.0.10586.0_none_8c15ae12515e1c22\COMCTL32.dll
0x00007ffe6e0d0000 - 0x00007ffe6e34d000 	C:\WINDOWS\system32\combase.dll
0x00007ffe6ab80000 - 0x00007ffe6abea000 	C:\WINDOWS\system32\bcryptPrimitives.dll
0x00007ffe6d5c0000 - 0x00007ffe6d5fb000 	C:\WINDOWS\system32\IMM32.DLL
0x000000006f100000 - 0x000000006f1d2000 	C:\Program Files\Java\jdk1.8.0_71\jre\bin\msvcr100.dll
0x000000006f580000 - 0x000000006fe0f000 	C:\Program Files\Java\jdk1.8.0_71\jre\bin\server\jvm.dll
0x00007ffe6bea0000 - 0x00007ffe6bea8000 	C:\WINDOWS\system32\PSAPI.DLL
0x00007ffe67c00000 - 0x00007ffe67c09000 	C:\WINDOWS\SYSTEM32\WSOCK32.dll
0x00007ffe6d660000 - 0x00007ffe6d6cb000 	C:\WINDOWS\system32\WS2_32.dll
0x00007ffe684b0000 - 0x00007ffe684d3000 	C:\WINDOWS\SYSTEM32\WINMM.dll
0x00007ffe63fa0000 - 0x00007ffe63faa000 	C:\WINDOWS\SYSTEM32\VERSION.dll
0x00007ffe68480000 - 0x00007ffe684ac000 	C:\WINDOWS\SYSTEM32\WINMMBASE.dll
0x00007ffe6aaa0000 - 0x00007ffe6aae3000 	C:\WINDOWS\system32\cfgmgr32.dll
0x000000006f570000 - 0x000000006f57f000 	C:\Program Files\Java\jdk1.8.0_71\jre\bin\verify.dll
0x000000006f540000 - 0x000000006f569000 	C:\Program Files\Java\jdk1.8.0_71\jre\bin\java.dll
0x000000006f520000 - 0x000000006f536000 	C:\Program Files\Java\jdk1.8.0_71\jre\bin\zip.dll
0x00007ffe6bf10000 - 0x00007ffe6d46c000 	C:\WINDOWS\system32\SHELL32.dll
0x00007ffe6adc0000 - 0x00007ffe6b405000 	C:\WINDOWS\system32\windows.storage.dll
0x00007ffe6d600000 - 0x00007ffe6d652000 	C:\WINDOWS\system32\shlwapi.dll
0x00007ffe6aa90000 - 0x00007ffe6aa9f000 	C:\WINDOWS\system32\kernel.appcore.dll
0x00007ffe6abf0000 - 0x00007ffe6aca5000 	C:\WINDOWS\system32\shcore.dll
0x00007ffe6aa30000 - 0x00007ffe6aa7b000 	C:\WINDOWS\system32\powrprof.dll
0x00007ffe6aa10000 - 0x00007ffe6aa24000 	C:\WINDOWS\system32\profapi.dll

VM Arguments:
jvm_args: -Djava.awt.headless=true -Xmx1024M -Dfile.encoding=windows-1251 -Duser.country=RU -Duser.language=ru -Duser.variant 
java_command: com.android.dx.command.Main --dex --num-threads=4 --output C:\Users\User\Documents\HtmlViewer\app\build\intermediates\pre-dexed\debug\com.android.support-support-vector-drawable-23.2.1_028af176322cbf10ec9602261ea98545c965b98d.jar C:\Users\User\Documents\HtmlViewer\app\build\intermediates\exploded-aar\com.android.support\support-vector-drawable\23.2.1\jars\classes.jar
java_class_path (initial): C:\Users\User\.android-sdk\build-tools\23.0.3\lib\dx.jar
Launcher Type: SUN_STANDARD

Environment Variables:
JAVA_HOME=C:\Program Files\Java\jdk1.8.0_71
PATH=C:\ProgramData\Oracle\Java\javapath;C:\Program Files\Broadcom\Broadcom 802.11;C:\Program Files (x86)\Intel\iCLS Client\;C:\Program Files\Intel\iCLS Client\;C:\WINDOWS\system32;C:\WINDOWS;C:\WINDOWS\System32\Wbem;C:\WINDOWS\System32\WindowsPowerShell\v1.0\;C:\Program Files\Intel\Intel(R) Management Engine Components\DAL;C:\Program Files (x86)\Intel\Intel(R) Management Engine Components\DAL;C:\Program Files\Intel\Intel(R) Management Engine Components\IPT;C:\Program Files (x86)\Intel\Intel(R) Management Engine Components\IPT;c:\Program Files (x86)\ATI Technologies\ATI.ACE\Core-Static;C:\Program Files\Hewlett-Packard\SimplePass\;C:\Program Files (x86)\Skype\Phone\;%JAVA%\bin;C:\Program Files (x86)\Git\cmd;C:\Users\User\.android-sdk\tools;C:\Users\User\.android-sdk\platform-tools;C:\Program Files\Microsoft\Web Platform Installer\;C:\Program Files (x86)\Microsoft ASP.NET\ASP.NET Web Pages\v1.0\;C:\Program Files (x86)\Windows Kits\8.0\Windows Performance Toolkit\;C:\Program Files\Microsoft SQL Server\110\Tools\Binn\;C:\WINDOWS\system32\config\systemprofile\.dnx\bin;C:\Program Files\Microsoft DNX\Dnvm\;C:\Program Files\Microsoft SQL Server\130\Tools\Binn\
USERNAME=User
OS=Windows_NT
PROCESSOR_IDENTIFIER=Intel64 Family 6 Model 61 Stepping 4, GenuineIntel



---------------  S Y S T E M  ---------------

OS: Windows 10.0 , 64 bit Build 10586 (10.0.10586.0)

CPU:total 4 (2 cores per cpu, 2 threads per core) family 6 model 61 stepping 4, cmov, cx8, fxsr, mmx, sse, sse2, sse3, ssse3, sse4.1, sse4.2, popcnt, avx, avx2, aes, clmul, erms, 3dnowpref, lzcnt, ht, tsc, tscinvbit, bmi1, bmi2, adx

Memory: 4k page, physical 8301964k(1547360k free), swap 8301964k(4088k free)

vm_info: Java HotSpot(TM) 64-Bit Server VM (25.71-b15) for windows-amd64 JRE (1.8.0_71-b15), built on Dec 22 2015 18:15:55 by "java_re" with MS VC++ 10.0 (VS2010)

time: Thu May 05 17:43:27 2016
elapsed time: 2 seconds (0d 0h 0m 2s)

