JvmtiExport can_access_local_variables 0
JvmtiExport can_hotswap_or_post_breakpoint 0
JvmtiExport can_post_on_exceptions 0
# 343 ciObject found
ciMethod java/lang/Object <init> ()V 4097 1 863507 0 0
ciMethod java/lang/Object hashCode ()I 2049 1 256 0 -1
ciMethod java/lang/Object equals (Ljava/lang/Object;)Z 4097 1 11188 0 -1
ciMethod java/lang/Object toString ()Ljava/lang/String; 0 0 1 0 -1
ciMethod java/lang/String <init> ([CII)V 2049 1 5376 0 672
ciMethod java/lang/String length ()I 4097 1 14030 0 0
ciMethod java/lang/String charAt (I)C 4097 1 39896 0 -1
ciMethod java/lang/String getChars (II[CI)V 2049 1 5655 0 0
ciMethod java/lang/String equals (Ljava/lang/Object;)Z 2049 9985 1660 0 -1
ciMethod java/lang/String hashCode ()I 2825 32769 1372 0 288
ciMethod java/lang/String substring (I)Ljava/lang/String; 2489 1 6857 0 0
ciMethod java/lang/String valueOf (Ljava/lang/Object;)Ljava/lang/String; 105 1 13 0 -1
ciMethod java/lang/System arraycopy (Ljava/lang/Object;ILjava/lang/Object;II)V 5121 1 640 0 -1
ciMethod java/lang/AbstractStringBuilder <init> (I)V 617 1 9951 0 0
ciMethod java/lang/AbstractStringBuilder ensureCapacityInternal (I)V 2049 1 10508 0 0
ciMethod java/lang/AbstractStringBuilder expandCapacity (I)V 817 1 4280 0 0
ciMethod java/lang/AbstractStringBuilder append (Ljava/lang/String;)Ljava/lang/AbstractStringBuilder; 953 1 5596 0 896
ciMethod java/lang/AbstractStringBuilder appendNull ()Ljava/lang/AbstractStringBuilder; 0 0 1 0 -1
ciMethod java/lang/StringBuilder <init> ()V 609 1 9551 0 0
ciMethod java/lang/StringBuilder append (Ljava/lang/Object;)Ljava/lang/StringBuilder; 105 1 13 0 -1
ciMethod java/lang/StringBuilder append (Ljava/lang/String;)Ljava/lang/StringBuilder; 953 1 22370 0 928
ciMethod java/lang/StringBuilder toString ()Ljava/lang/String; 609 1 9562 0 0
ciMethod java/lang/Math min (II)I 3393 1 33783 0 -1
ciMethod java/util/HashMap hash (Ljava/lang/Object;)I 2049 1 70419 0 160
ciMethod java/util/HashMap get (Ljava/lang/Object;)Ljava/lang/Object; 2049 1 53545 0 224
ciMethod java/util/HashMap getNode (ILjava/lang/Object;)Ljava/util/HashMap$Node; 2089 1 45697 0 512
ciMethod java/util/HashMap put (Ljava/lang/Object;Ljava/lang/Object;)Ljava/lang/Object; 2049 1 9066 0 2048
ciMethod java/util/HashMap putVal (ILjava/lang/Object;Ljava/lang/Object;ZZ)Ljava/lang/Object; 13385 1345 7866 0 -1
ciMethod java/util/Arrays copyOf ([CI)[C 2049 1 5774 0 0
ciMethod java/util/Arrays copyOfRange ([CII)[C 2049 1 5398 0 512
ciMethodData java/lang/Object <init> ()V 2 863507 orig 264 232 160 181 111 0 0 0 0 128 4 1 20 0 0 0 0 32 1 0 0 0 0 0 0 0 0 0 0 0 0 0 0 0 0 0 0 0 0 0 0 0 0 0 0 0 0 0 0 0 0 0 0 0 0 0 0 0 0 0 0 0 0 0 0 0 0 0 0 0 0 0 0 0 0 0 0 0 0 0 0 77 68 79 32 101 120 116 114 97 32 100 97 116 97 32 108 111 99 107 0 0 0 0 0 0 0 0 0 0 0 0 0 0 0 0 0 0 0 0 0 0 0 0 0 0 0 0 0 0 0 0 0 0 0 0 0 0 0 0 0 0 0 0 0 0 0 0 0 0 0 0 0 0 0 0 0 0 0 0 0 0 0 0 0 0 0 0 0 0 0 0 0 0 0 0 0 0 0 0 0 0 0 0 0 1 0 0 0 0 0 0 0 1 0 0 0 0 0 0 0 1 0 0 0 0 0 0 0 0 0 0 0 0 0 0 0 0 2 0 0 153 88 105 0 1 0 0 0 0 0 0 0 0 0 0 0 2 0 0 0 0 0 3 0 1 0 0 0 0 0 0 0 255 255 255 255 0 0 0 0 0 0 0 0 data 0 oops 0
ciMethod java/lang/IllegalArgumentException <init> (Ljava/lang/String;)V 0 0 1 0 -1
ciMethod java/util/HashMap$TreeNode getTreeNode (ILjava/lang/Object;)Ljava/util/HashMap$TreeNode; 0 0 1 0 -1
ciMethodData java/lang/String hashCode ()I 2 20491 orig 264 232 160 181 111 0 0 0 0 176 79 1 20 0 0 0 0 152 1 0 0 32 0 0 0 0 0 0 0 0 0 0 0 0 0 0 0 0 0 0 0 0 0 0 0 0 0 0 0 0 0 0 0 0 0 0 0 0 0 0 0 0 0 0 0 0 0 0 0 0 0 0 0 0 0 0 0 0 0 0 0 77 68 79 32 101 120 116 114 97 32 100 97 116 97 32 108 111 99 107 0 0 0 0 0 0 0 0 0 0 0 0 0 0 0 0 0 0 0 0 0 0 0 0 0 0 0 0 0 0 0 0 0 0 0 0 0 0 0 0 0 0 0 0 0 0 0 0 0 0 0 0 0 0 0 0 0 0 0 0 0 0 0 0 0 0 0 0 0 0 0 0 0 0 0 0 0 0 0 0 0 0 0 0 0 1 0 0 0 0 0 0 0 0 0 0 0 0 0 0 0 1 0 0 0 0 0 0 0 0 0 0 0 0 0 0 0 0 16 0 0 217 31 0 0 89 0 2 0 0 0 0 0 0 0 0 0 2 0 0 0 1 0 11 0 2 0 0 0 120 0 0 0 255 255 255 255 7 0 6 0 0 0 0 0 data 15 0x60007 0x11b 0x78 0x2e0 0xe0007 0x1 0x58 0x2df 0x1e0007 0x2df 0x38 0x3fe5 0x2d0003 0x3fe5 0xffffffffffffffe0 oops 0
ciMethodData java/lang/String <init> ([CII)V 2 5376 orig 264 232 160 181 111 0 0 0 0 88 49 1 20 0 0 0 0 80 2 0 0 208 0 0 0 0 0 0 0 0 0 0 0 0 0 0 0 0 0 0 0 0 0 0 0 0 0 0 0 0 0 0 0 0 0 0 0 0 0 0 0 0 0 0 0 0 0 0 0 0 0 0 0 0 0 0 0 0 0 0 0 77 68 79 32 101 120 116 114 97 32 100 97 116 97 32 108 111 99 107 0 0 0 0 0 0 0 0 0 0 0 0 0 0 0 0 0 0 0 0 0 0 0 0 0 0 0 0 0 0 0 0 0 0 0 0 0 0 0 0 0 0 0 0 0 0 0 0 0 0 0 0 0 0 0 0 0 0 0 0 0 0 0 0 0 0 0 0 0 0 0 0 0 0 0 0 0 0 0 0 0 0 0 0 0 0 0 0 0 0 0 0 0 0 0 0 0 0 0 0 0 0 0 0 0 0 0 0 0 0 0 0 0 0 0 0 0 0 1 0 0 1 160 0 0 1 0 0 0 0 0 0 0 0 0 0 0 2 0 0 0 0 0 14 0 2 0 0 0 240 0 0 0 255 255 255 255 2 0 1 0 0 0 0 0 data 30 0x10002 0x1400 0x50007 0x1400 0x30 0x0 0xd0002 0x0 0x120007 0x13fc 0x70 0x4 0x160007 0x4 0x30 0x0 0x1e0002 0x0 0x250007 0x0 0x20 0x4 0x370007 0x13fb 0x30 0x0 0x410002 0x0 0x4b0002 0x13fc oops 0
ciMethodData java/util/Arrays copyOfRange ([CII)[C 2 5398 orig 264 232 160 181 111 0 0 0 0 192 79 18 20 0 0 0 0 120 2 0 0 240 0 0 0 0 0 0 0 0 0 0 0 0 0 0 0 0 0 0 0 0 0 0 0 0 0 0 0 0 0 0 0 0 0 0 0 0 0 0 0 0 0 0 0 0 0 0 0 0 0 0 0 0 0 0 0 0 0 0 0 77 68 79 32 101 120 116 114 97 32 100 97 116 97 32 108 111 99 107 0 0 0 0 0 0 0 0 0 0 0 0 0 0 0 0 0 0 0 0 0 0 0 0 0 0 0 0 0 0 0 0 0 0 0 0 0 0 0 0 0 0 0 0 0 0 0 0 0 0 0 0 0 0 0 0 0 0 0 0 0 0 0 0 0 0 0 0 0 0 0 0 0 0 0 0 0 0 0 0 0 0 0 0 0 0 0 0 0 0 0 0 0 0 0 0 0 0 0 0 0 0 0 0 0 0 0 0 0 0 0 0 0 0 0 0 0 0 1 0 0 177 160 0 0 1 0 0 0 0 0 0 0 0 0 0 0 2 0 0 0 0 0 9 0 2 0 0 0 32 1 0 0 255 255 255 255 7 0 5 0 0 0 0 0 data 36 0x50007 0x1416 0x100 0x0 0x100002 0x0 0x140005 0x0 0x0 0x0 0x0 0x0 0x190005 0x0 0x0 0x0 0x0 0x0 0x1d0005 0x0 0x0 0x0 0x0 0x0 0x200005 0x0 0x0 0x0 0x0 0x0 0x230002 0x0 0x360002 0x1416 0x390002 0x1416 oops 0
ciMethodData java/lang/StringBuilder <init> ()V 2 9551 orig 264 232 160 181 111 0 0 0 0 32 117 8 20 0 0 0 0 48 1 0 0 0 0 0 0 0 0 0 0 0 0 0 0 0 0 0 0 0 0 0 0 0 0 0 0 0 0 0 0 0 0 0 0 0 0 0 0 0 0 0 0 0 0 0 0 0 0 0 0 0 0 0 0 0 0 0 0 0 0 0 0 77 68 79 32 101 120 116 114 97 32 100 97 116 97 32 108 111 99 107 0 0 0 0 0 0 0 0 0 0 0 0 0 0 0 0 0 0 0 0 0 0 0 0 0 0 0 0 0 0 0 0 0 0 0 0 0 0 0 0 0 0 0 0 0 0 0 0 0 0 0 0 0 0 0 0 0 0 0 0 0 0 0 0 0 0 0 0 0 0 0 0 0 0 0 0 0 0 0 0 0 0 0 0 0 0 0 0 0 0 0 0 0 0 0 0 0 0 0 0 0 0 0 0 0 0 0 0 0 0 0 0 0 0 0 0 0 76 0 0 0 25 40 1 0 1 0 0 0 0 0 0 0 0 0 0 0 2 0 0 0 0 0 3 0 2 0 0 0 16 0 0 0 255 255 255 255 2 0 3 0 0 0 0 0 data 2 0x30002 0x2504 oops 0
ciMethodData java/lang/AbstractStringBuilder <init> (I)V 2 9951 orig 264 232 160 181 111 0 0 0 0 8 57 8 20 0 0 0 0 56 1 0 0 0 0 0 0 0 0 0 0 0 0 0 0 0 0 0 0 0 0 0 0 0 0 0 0 0 0 0 0 0 0 0 0 0 0 0 0 0 0 0 0 0 0 0 0 0 0 0 0 0 0 0 0 0 0 0 0 0 0 0 0 77 68 79 32 101 120 116 114 97 32 100 97 116 97 32 108 111 99 107 0 0 0 0 0 0 0 0 0 0 0 0 0 0 0 0 0 0 0 0 0 0 0 0 0 0 0 0 0 0 0 0 0 0 0 0 0 0 0 0 0 0 0 0 0 0 0 0 0 0 0 0 0 0 0 0 0 0 0 0 0 0 0 0 0 0 0 0 0 0 0 0 0 0 0 0 0 0 0 0 0 0 0 0 0 0 0 0 0 0 0 0 0 0 0 0 0 0 0 0 0 0 0 0 0 0 0 0 0 0 0 0 0 0 0 0 0 77 0 0 0 145 52 1 0 1 0 0 0 0 0 0 0 0 0 0 0 2 0 0 0 0 0 3 0 2 0 0 0 16 0 0 0 255 255 255 255 2 0 1 0 0 0 0 0 data 2 0x10002 0x2692 oops 0
ciMethodData java/lang/StringBuilder append (Ljava/lang/String;)Ljava/lang/StringBuilder; 2 22370 orig 264 232 160 181 111 0 0 0 0 56 120 8 20 0 0 0 0 56 1 0 0 0 0 0 0 0 0 0 0 0 0 0 0 0 0 0 0 0 0 0 0 0 0 0 0 0 0 0 0 0 0 0 0 0 0 0 0 0 0 0 0 0 0 0 0 0 0 0 0 0 0 0 0 0 0 0 0 0 0 0 0 77 68 79 32 101 120 116 114 97 32 100 97 116 97 32 108 111 99 107 0 0 0 0 0 0 0 0 0 0 0 0 0 0 0 0 0 0 0 0 0 0 0 0 0 0 0 0 0 0 0 0 0 0 0 0 0 0 0 0 0 0 0 0 0 0 0 0 0 0 0 0 0 0 0 0 0 0 0 0 0 0 0 0 0 0 0 0 0 0 0 0 0 0 0 0 0 0 0 0 0 0 0 0 0 0 0 0 0 0 0 0 0 0 0 0 0 0 0 0 0 0 0 0 0 0 0 0 0 0 0 0 0 0 0 0 0 119 0 0 0 89 183 2 0 1 0 0 0 0 0 0 0 0 0 0 0 2 0 0 0 0 0 3 0 2 0 0 0 16 0 0 0 255 255 255 255 2 0 2 0 0 0 0 0 data 2 0x20002 0x56ec oops 0
ciMethodData java/lang/AbstractStringBuilder append (Ljava/lang/String;)Ljava/lang/AbstractStringBuilder; 2 5596 orig 264 232 160 181 111 0 0 0 0 40 68 8 20 0 0 0 0 240 1 0 0 32 0 0 0 0 0 0 0 0 0 0 0 0 0 0 0 0 0 0 0 0 0 0 0 0 0 0 0 0 0 0 0 0 0 0 0 0 0 0 0 0 0 0 0 0 0 0 0 0 0 0 0 0 0 0 0 0 0 0 0 77 68 79 32 101 120 116 114 97 32 100 97 116 97 32 108 111 99 107 0 0 0 0 0 0 0 0 0 0 0 0 0 0 0 0 0 0 0 0 0 0 0 0 0 0 0 0 0 0 0 0 0 0 0 0 0 0 0 0 0 0 0 0 0 0 0 0 0 0 0 0 0 0 0 0 0 0 0 0 0 0 0 0 0 0 0 0 0 0 0 0 0 0 0 0 0 0 0 0 0 0 0 0 0 0 0 0 0 0 0 0 0 0 0 0 0 0 0 0 0 0 0 0 0 0 0 0 0 0 0 0 0 0 0 0 0 119 0 0 0 41 171 0 0 1 0 0 0 0 0 0 0 0 0 0 0 2 0 0 0 0 0 9 0 2 0 0 0 160 0 0 0 255 255 255 255 7 0 1 0 0 0 0 0 data 20 0x10007 0x1565 0x30 0x0 0x50002 0x0 0xa0005 0x82 0x21e9970 0x14e3 0x0 0x0 0x150002 0x1566 0x230005 0x82 0x21e9970 0x14e4 0x0 0x0 oops 2 8 java/lang/String 16 java/lang/String
ciMethodData java/lang/StringBuilder toString ()Ljava/lang/String; 2 9562 orig 264 232 160 181 111 0 0 0 0 232 139 8 20 0 0 0 0 48 1 0 0 0 0 0 0 0 0 0 0 0 0 0 0 0 0 0 0 0 0 0 0 0 0 0 0 0 0 0 0 0 0 0 0 0 0 0 0 0 0 0 0 0 0 0 0 0 0 0 0 0 0 0 0 0 0 0 0 0 0 0 0 77 68 79 32 101 120 116 114 97 32 100 97 116 97 32 108 111 99 107 0 0 0 0 0 0 0 0 0 0 0 0 0 0 0 0 0 0 0 0 0 0 0 0 0 0 0 0 0 0 0 0 0 0 0 0 0 0 0 0 0 0 0 0 0 0 0 0 0 0 0 0 0 0 0 0 0 0 0 0 0 0 0 0 0 0 0 0 0 0 0 0 0 0 0 0 0 0 0 0 0 0 0 0 0 0 0 0 0 0 0 0 0 0 0 0 0 0 0 0 0 0 0 0 0 0 0 0 0 0 0 0 0 0 0 0 0 76 0 0 0 113 40 1 0 1 0 0 0 0 0 0 0 0 0 0 0 2 0 0 0 0 0 3 0 2 0 0 0 16 0 0 0 255 255 255 255 2 0 13 0 0 0 0 0 data 2 0xd0002 0x250d oops 0
ciMethodData java/lang/String length ()I 2 14030 orig 264 232 160 181 111 0 0 0 0 24 60 1 20 0 0 0 0 32 1 0 0 0 0 0 0 0 0 0 0 0 0 0 0 0 0 0 0 0 0 0 0 0 0 0 0 0 0 0 0 0 0 0 0 0 0 0 0 0 0 0 0 0 0 0 0 0 0 0 0 0 0 0 0 0 0 0 0 0 0 0 0 77 68 79 32 101 120 116 114 97 32 100 97 116 97 32 108 111 99 107 0 0 0 0 0 0 0 0 0 0 0 0 0 0 0 0 0 0 0 0 0 0 0 0 0 0 0 0 0 0 0 0 0 0 0 0 0 0 0 0 0 0 0 0 0 0 0 0 0 0 0 0 0 0 0 0 0 0 0 0 0 0 0 0 0 0 0 0 0 0 0 0 0 0 0 0 0 0 0 0 0 0 0 0 0 1 0 0 0 0 0 0 0 0 0 0 0 0 0 0 0 1 0 0 0 0 0 0 0 0 0 0 0 0 0 0 0 0 2 0 0 113 166 1 0 1 0 0 0 0 0 0 0 0 0 0 0 2 0 0 0 0 0 3 0 1 0 0 0 0 0 0 0 255 255 255 255 0 0 0 0 0 0 0 0 data 0 oops 0
ciMethodData java/lang/AbstractStringBuilder ensureCapacityInternal (I)V 2 10508 orig 264 232 160 181 111 0 0 0 0 120 59 8 20 0 0 0 0 160 1 0 0 0 0 0 0 0 0 0 0 0 0 0 0 0 0 0 0 0 0 0 0 0 0 0 0 0 0 0 0 0 0 0 0 0 0 0 0 0 0 0 0 0 0 0 0 0 0 0 0 0 0 0 0 0 0 0 0 0 0 0 0 77 68 79 32 101 120 116 114 97 32 100 97 116 97 32 108 111 99 107 0 0 0 0 0 0 0 0 0 0 0 0 0 0 0 0 0 0 0 0 0 0 0 0 0 0 0 0 0 0 0 0 0 0 0 0 0 0 0 0 0 0 0 0 0 0 0 0 0 0 0 0 0 0 0 0 0 0 0 0 0 0 0 0 0 0 0 0 0 0 0 0 0 0 0 0 0 0 0 0 0 0 0 0 0 0 0 0 0 0 0 0 0 0 0 0 0 0 0 0 0 0 0 0 0 0 0 0 0 0 0 0 0 0 0 0 0 0 1 0 0 97 64 1 0 1 0 0 0 0 0 0 0 0 0 0 0 2 0 0 0 0 0 6 0 2 0 0 0 80 0 0 0 255 255 255 255 7 0 7 0 0 0 0 0 data 10 0x70007 0x17ba 0x50 0x1052 0xc0005 0x0 0x1499ce60 0x1052 0x0 0x0 oops 1 6 java/lang/StringBuilder
ciMethodData java/lang/AbstractStringBuilder expandCapacity (I)V 2 4280 orig 264 232 160 181 111 0 0 0 0 64 60 8 20 0 0 0 0 208 1 0 0 96 0 0 0 0 0 0 0 0 0 0 0 0 0 0 0 0 0 0 0 0 0 0 0 0 0 0 0 0 0 0 0 0 0 0 0 0 0 0 0 0 0 0 0 0 0 0 0 0 0 0 0 0 0 0 0 0 0 0 0 77 68 79 32 101 120 116 114 97 32 100 97 116 97 32 108 111 99 107 0 0 0 0 0 0 0 0 0 0 0 0 0 0 0 0 0 0 0 0 0 0 0 0 0 0 0 0 0 0 0 0 0 0 0 0 0 0 0 0 0 0 0 0 0 0 0 0 0 0 0 0 0 0 0 0 0 0 0 0 0 0 0 0 0 0 0 0 0 0 0 0 0 0 0 0 0 0 0 0 0 0 0 0 0 25 0 0 0 0 0 0 0 0 0 0 0 0 0 0 0 1 0 0 0 0 0 0 0 0 0 0 0 0 0 0 0 102 0 0 0 145 130 0 0 1 0 0 0 0 0 0 0 0 0 0 0 2 0 0 0 0 0 16 0 2 0 0 0 128 0 0 0 255 255 255 255 7 0 13 0 0 0 0 0 data 16 0xd0007 0x9a4 0x20 0x6ae 0x130007 0x1052 0x50 0x0 0x170007 0x0 0x30 0x0 0x1e0002 0x0 0x2b0002 0x1051 oops 0
ciMethodData java/lang/String getChars (II[CI)V 2 5655 orig 264 232 160 181 111 0 0 0 0 192 65 1 20 0 0 0 0 8 2 0 0 128 0 0 0 0 0 0 0 0 0 0 0 0 0 0 0 0 0 0 0 0 0 0 0 0 0 0 0 0 0 0 0 0 0 0 0 0 0 0 0 0 0 0 0 0 0 0 0 0 0 0 0 0 0 0 0 0 0 0 0 77 68 79 32 101 120 116 114 97 32 100 97 116 97 32 108 111 99 107 0 0 0 0 0 0 0 0 0 0 0 0 0 0 0 0 0 0 0 0 0 0 0 0 0 0 0 0 0 0 0 0 0 0 0 0 0 0 0 0 0 0 0 0 0 0 0 0 0 0 0 0 0 0 0 0 0 0 0 0 0 0 0 0 0 0 0 0 0 0 0 0 0 0 0 0 0 0 0 0 0 0 0 0 0 25 0 0 0 0 0 0 0 0 0 0 0 0 0 0 0 1 0 0 0 0 0 0 0 0 0 0 0 0 0 0 0 0 1 0 0 185 168 0 0 1 0 0 0 0 0 0 0 0 0 0 0 2 0 0 0 0 0 9 0 2 0 0 0 160 0 0 0 255 255 255 255 7 0 1 0 0 0 0 0 data 20 0x10007 0x1517 0x30 0x0 0x90002 0x0 0x130007 0x1516 0x30 0x0 0x1b0002 0x0 0x210007 0x1517 0x30 0x0 0x2b0002 0x0 0x3a0002 0x1518 oops 0
ciMethodData java/lang/AbstractStringBuilder appendNull ()Ljava/lang/AbstractStringBuilder; 1 0 orig 264 232 160 181 111 0 0 0 0 88 71 8 20 0 0 0 0 48 1 0 0 0 0 0 0 0 0 0 0 0 0 0 0 0 0 0 0 0 0 0 0 0 0 0 0 0 0 0 0 0 0 0 0 0 0 0 0 0 0 0 0 0 0 0 0 0 0 0 0 0 0 0 0 0 0 0 0 0 0 0 0 77 68 79 32 101 120 116 114 97 32 100 97 116 97 32 108 111 99 107 0 0 0 0 0 0 0 0 0 0 0 0 0 0 0 0 0 0 0 0 0 0 0 0 0 0 0 0 0 0 0 0 0 0 0 0 0 0 0 0 0 0 0 0 0 0 0 0 0 0 0 0 0 0 0 0 0 0 0 0 0 0 0 0 0 0 0 0 0 0 0 0 0 0 0 0 0 0 0 0 0 0 0 0 0 0 0 0 0 0 0 0 0 0 0 0 0 0 0 0 0 0 0 0 0 0 0 0 0 0 0 0 0 0 0 0 0 0 0 0 0 1 0 0 0 1 0 0 0 0 0 0 0 0 0 0 0 2 0 0 0 0 0 0 0 0 0 0 0 16 0 0 0 255 255 255 255 2 0 9 0 0 0 0 0 data 2 0x90002 0x0 oops 0
ciMethodData java/util/HashMap hash (Ljava/lang/Object;)I 2 70419 orig 264 232 160 181 111 0 0 0 0 8 199 16 20 0 0 0 0 176 1 0 0 32 0 0 0 0 0 0 0 0 0 0 0 0 0 0 0 0 0 0 0 0 0 0 0 0 0 0 0 0 0 0 0 0 0 0 0 0 0 0 0 0 0 0 0 0 0 0 0 0 0 0 0 0 0 0 0 0 0 0 0 77 68 79 32 101 120 116 114 97 32 100 97 116 97 32 108 111 99 107 0 0 0 0 0 0 0 0 0 0 0 0 0 0 0 0 0 0 0 0 0 0 0 0 0 0 0 0 0 0 0 0 0 0 0 0 0 0 0 0 0 0 0 0 0 0 0 0 0 0 0 0 0 0 0 0 0 0 0 0 0 0 0 0 0 0 0 0 0 0 0 0 0 0 0 0 0 0 0 0 0 0 0 0 0 17 0 0 0 0 0 0 0 0 0 0 0 0 0 0 0 0 0 0 0 0 0 0 0 0 0 0 0 0 0 0 0 0 1 0 0 153 144 8 0 1 0 0 0 216 95 0 0 0 0 0 0 2 0 0 0 0 0 6 0 2 0 0 0 104 0 0 0 255 255 255 255 7 0 1 0 0 0 0 0 data 13 0x10007 0x11213 0x38 0x0 0x50003 0x0 0x48 0x90005 0x4859 0x1499d4b0 0x159 0x21e9970 0x66a3 oops 2 9 java/security/CodeSource 11 java/lang/String
ciMethodData java/util/Arrays copyOf ([CI)[C 2 5774 orig 264 232 160 181 111 0 0 0 0 248 71 18 20 0 0 0 0 112 1 0 0 0 0 0 0 0 0 0 0 0 0 0 0 0 0 0 0 0 0 0 0 0 0 0 0 0 0 0 0 0 0 0 0 0 0 0 0 0 0 0 0 0 0 0 0 0 0 0 0 0 0 0 0 0 0 0 0 0 0 0 0 77 68 79 32 101 120 116 114 97 32 100 97 116 97 32 108 111 99 107 0 0 0 0 0 0 0 0 0 0 0 0 0 0 0 0 0 0 0 0 0 0 0 0 0 0 0 0 0 0 0 0 0 0 0 0 0 0 0 0 0 0 0 0 0 0 0 0 0 0 0 0 0 0 0 0 0 0 0 0 0 0 0 0 0 0 0 0 0 0 0 0 0 0 0 0 0 0 0 0 0 0 0 0 0 0 0 0 0 0 0 0 0 0 0 0 0 0 0 0 0 0 0 0 0 0 0 0 0 0 0 0 0 0 0 0 0 0 1 0 0 113 172 0 0 1 0 0 0 0 0 0 0 0 0 0 0 2 0 0 0 0 0 7 0 2 0 0 0 32 0 0 0 255 255 255 255 2 0 11 0 0 0 0 0 data 4 0xb0002 0x158e 0xe0002 0x1590 oops 0
ciMethodData java/util/HashMap getNode (ILjava/lang/Object;)Ljava/util/HashMap$Node; 2 45697 orig 264 232 160 181 111 0 0 0 0 184 208 16 20 0 0 0 0 8 4 0 0 64 2 0 0 0 0 0 0 0 0 0 0 0 0 0 0 0 0 0 0 0 0 0 0 0 0 0 0 0 0 0 0 0 0 0 0 0 0 0 0 0 0 0 0 0 0 0 0 0 0 0 0 0 0 0 0 0 0 0 0 77 68 79 32 101 120 116 114 97 32 100 97 116 97 32 108 111 99 107 0 0 0 0 0 0 0 0 0 0 0 0 0 0 0 0 0 0 0 0 0 0 0 0 0 0 0 0 0 0 0 0 0 0 0 0 0 0 0 0 0 0 0 0 0 3 0 0 0 0 0 0 0 0 0 0 0 0 0 0 0 0 0 0 0 0 0 0 4 0 0 0 0 0 0 0 0 0 0 0 1 0 0 0 0 17 0 0 0 0 0 0 0 0 0 0 0 0 0 0 0 1 0 0 0 0 0 0 0 0 0 0 0 0 0 0 0 5 1 0 0 225 139 5 0 137 39 0 0 64 77 0 0 151 1 0 0 2 0 0 0 1 0 37 0 2 0 0 0 176 2 0 0 255 255 255 255 7 0 6 0 0 0 0 0 data 86 0x60007 0x2b01 0x2b0 0x868b 0xe0007 0x0 0x290 0x868f 0x1c0007 0x1b89 0x270 0x6b11 0x250007 0x18af 0xb0 0x5268 0x310007 0xf69 0x90 0x4301 0x350007 0x0 0x70 0x4301 0x3b0005 0x3ab3 0x1499d4b0 0x14d 0x21e9970 0x703 0x3e0007 0x8b 0x20 0x4275 0x4c0007 0x558 0x1a0 0x13e2 0x510004 0xffffffffffffec1e 0x164191d0 0x5d9 0x0 0x0 0x540007 0x13e2 0x80 0x0 0x590004 0x0 0x0 0x0 0x0 0x0 0x5e0005 0x0 0x0 0x0 0x0 0x0 0x680007 0x4ff 0xb0 0x1297 0x740007 0x12f 0x90 0x1168 0x780007 0x0 0x70 0x1168 0x7ef005 0xc 0x21e9970 0x281 0x17342ba0 0xedf 0x81e007 0x2d 0x20 0x1141 0x8f0007 0x3b4 0xffffffffffffff50 0x178 oops 5 26 java/security/CodeSource 28 java/lang/String 40 java/util/HashMap$Node 74 java/lang/String 76 com/android/dx/rop/code/RegisterSpec$ForComparison
ciMethodData java/util/HashMap get (Ljava/lang/Object;)Ljava/lang/Object; 2 53545 orig 264 232 160 181 111 0 0 0 0 136 207 16 20 0 0 0 0 200 1 0 0 0 0 0 0 0 0 0 0 0 0 0 0 0 0 0 0 0 0 0 0 0 0 0 0 0 0 0 0 0 0 0 0 0 0 0 0 0 0 0 0 0 0 0 0 0 0 0 0 0 0 0 0 0 0 0 0 0 0 0 0 77 68 79 32 101 120 116 114 97 32 100 97 116 97 32 108 111 99 107 0 0 0 0 0 0 0 0 0 0 0 0 0 0 0 0 0 0 0 0 0 0 0 0 0 0 0 0 0 0 0 0 0 0 0 0 0 0 0 0 0 0 0 0 0 0 0 0 0 0 0 0 0 0 0 0 0 0 0 0 0 0 0 0 0 0 0 0 0 0 0 0 0 0 0 0 0 0 0 0 0 0 0 0 0 0 0 0 0 0 0 0 0 0 0 0 0 0 0 0 0 0 0 0 0 0 0 0 0 0 0 0 0 0 0 0 0 0 1 0 0 73 129 6 0 1 0 0 0 251 50 0 0 0 0 0 0 2 0 0 0 0 0 10 0 2 0 0 0 120 0 0 0 255 255 255 255 2 0 2 0 0 0 0 0 data 15 0x20002 0xd035 0x60005 0x3 0x164157c0 0xd031 0x0 0x0 0xb0007 0xa4f1 0x38 0x2b4a 0xf0003 0x2b4a 0x18 oops 1 4 java/util/HashMap
ciMethodData java/util/HashMap put (Ljava/lang/Object;Ljava/lang/Object;)Ljava/lang/Object; 2 9067 orig 264 232 160 181 111 0 0 0 0 248 209 16 20 0 0 0 0 152 1 0 0 0 0 0 0 0 0 0 0 0 0 0 0 0 0 0 0 0 0 0 0 0 0 0 0 0 0 0 0 0 0 0 0 0 0 0 0 0 0 0 0 0 0 0 0 0 0 0 0 0 0 0 0 0 0 0 0 0 0 0 0 77 68 79 32 101 120 116 114 97 32 100 97 116 97 32 108 111 99 107 0 0 0 0 0 0 0 0 0 0 0 0 0 0 0 0 0 0 0 0 0 0 0 0 0 0 0 0 0 0 0 0 0 0 0 0 0 0 0 0 0 0 0 0 0 0 0 0 0 0 0 0 0 0 0 0 0 0 0 0 0 0 0 0 0 0 0 0 0 0 0 0 0 0 0 0 0 0 0 0 0 0 0 0 0 17 0 0 0 0 0 0 0 0 0 0 0 0 0 0 0 0 0 0 0 0 0 0 0 0 0 0 0 0 0 0 0 0 1 0 0 89 19 1 0 1 0 0 0 0 0 0 0 0 0 0 0 2 0 0 0 0 0 7 0 2 0 0 0 64 0 0 0 255 255 255 255 2 0 2 0 0 0 0 0 data 8 0x20002 0x226b 0x90005 0x0 0x164157c0 0x226a 0x0 0x0 oops 1 4 java/util/HashMap
ciMethodData java/lang/String substring (I)Ljava/lang/String; 2 6857 orig 264 232 160 181 111 0 0 0 0 128 91 1 20 0 0 0 0 208 1 0 0 128 0 0 0 0 0 0 0 0 0 0 0 0 0 0 0 0 0 0 0 0 0 0 0 0 0 0 0 0 0 0 0 0 0 0 0 0 0 0 0 0 0 0 0 0 0 0 0 0 0 0 0 0 0 0 0 0 0 0 0 77 68 79 32 101 120 116 114 97 32 100 97 116 97 32 108 111 99 107 0 0 0 0 0 0 0 0 0 0 0 0 0 0 0 0 0 0 0 0 0 0 0 0 0 0 0 0 0 0 0 0 0 0 0 0 0 0 0 0 0 0 0 0 0 0 0 0 0 0 0 0 0 0 0 0 0 0 0 0 0 0 0 0 0 0 0 0 0 0 0 0 0 0 0 0 0 0 0 0 0 0 0 0 0 25 0 0 0 0 0 0 0 0 0 0 0 0 0 0 0 0 0 0 0 0 0 0 0 0 0 0 0 0 0 0 0 54 1 0 0 145 204 0 0 1 0 0 0 0 0 0 0 0 0 0 0 2 0 0 0 0 0 10 0 2 0 0 0 168 0 0 0 255 255 255 255 7 0 1 0 0 0 0 0 data 21 0x10007 0x1992 0x30 0x0 0x90002 0x0 0x160007 0x1993 0x30 0x0 0x1e0002 0x0 0x230007 0x1993 0x38 0x0 0x270003 0x0 0x28 0x340002 0x1993 oops 0
ciMethodData java/lang/StringBuilder append (Ljava/lang/Object;)Ljava/lang/StringBuilder; 1 13 orig 264 232 160 181 111 0 0 0 0 160 119 8 20 0 0 0 0 144 1 0 0 0 0 0 0 0 0 0 0 0 0 0 0 0 0 0 0 0 0 0 0 0 0 0 0 0 0 0 0 0 0 0 0 0 0 0 0 0 0 0 0 0 0 0 0 0 0 0 0 0 0 0 0 0 0 0 0 0 0 0 0 77 68 79 32 101 120 116 114 97 32 100 97 116 97 32 108 111 99 107 0 0 0 0 0 0 0 0 0 0 0 0 0 0 0 0 0 0 0 0 0 0 0 0 0 0 0 0 0 0 0 0 0 0 0 0 0 0 0 0 0 0 0 0 0 0 0 0 0 0 0 0 0 0 0 0 0 0 0 0 0 0 0 0 0 0 0 0 0 0 0 0 0 0 0 0 0 0 0 0 0 0 0 0 0 0 0 0 0 0 0 0 0 0 0 0 0 0 0 0 0 0 0 0 0 0 0 0 0 0 0 0 0 0 0 0 0 13 0 0 0 1 0 0 0 1 0 0 0 0 0 0 0 0 0 0 0 2 0 0 0 0 0 0 0 0 0 0 0 64 0 0 0 255 255 255 255 2 0 2 0 0 0 0 0 data 8 0x20002 0x0 0x50005 0x0 0x0 0x0 0x0 0x0 oops 0
ciMethodData java/lang/String valueOf (Ljava/lang/Object;)Ljava/lang/String; 1 13 orig 264 232 160 181 111 0 0 0 0 120 112 1 20 0 0 0 0 176 1 0 0 32 0 0 0 0 0 0 0 0 0 0 0 0 0 0 0 0 0 0 0 0 0 0 0 0 0 0 0 0 0 0 0 0 0 0 0 0 0 0 0 0 0 0 0 0 0 0 0 0 0 0 0 0 0 0 0 0 0 0 0 77 68 79 32 101 120 116 114 97 32 100 97 116 97 32 108 111 99 107 0 0 0 0 0 0 0 0 0 0 0 0 0 0 0 0 0 0 0 0 0 0 0 0 0 0 0 0 0 0 0 0 0 0 0 0 0 0 0 0 0 0 0 0 0 0 0 0 0 0 0 0 0 0 0 0 0 0 0 0 0 0 0 0 0 0 0 0 0 0 0 0 0 0 0 0 0 0 0 0 0 0 0 0 0 0 0 0 0 0 0 0 0 0 0 0 0 0 0 0 0 0 0 0 0 0 0 0 0 0 0 0 0 0 0 0 0 13 0 0 0 1 0 0 0 1 0 0 0 0 0 0 0 0 0 0 0 2 0 0 0 0 0 0 0 0 0 0 0 104 0 0 0 255 255 255 255 7 0 1 0 0 0 0 0 data 13 0x10007 0x0 0x38 0x0 0x60003 0x0 0x48 0xa0005 0x0 0x0 0x0 0x0 0x0 oops 0
ciMethod com/android/dx/rop/cst/CstType getClassType ()Lcom/android/dx/rop/type/Type; 1025 1 128 0 0
ciMethod com/android/dx/rop/type/TypeBearer getType ()Lcom/android/dx/rop/type/Type; 0 0 1 0 -1
ciMethod com/android/dx/rop/type/TypeBearer getBasicType ()I 0 0 1 0 -1
ciMethod com/android/dx/rop/type/TypeBearer getBasicFrameType ()I 0 0 1 0 -1
ciMethod com/android/dx/rop/type/TypeList size ()I 0 0 1 0 -1
ciMethod com/android/dx/rop/type/TypeList getType (I)Lcom/android/dx/rop/type/Type; 0 0 1 0 -1
ciMethod com/android/dx/rop/cst/CstMemberRef getDefiningClass ()Lcom/android/dx/rop/cst/CstType; 2089 1 261 0 0
ciMethod com/android/dx/rop/cst/CstBaseMethodRef getPrototype ()Lcom/android/dx/rop/type/Prototype; 1033 1 129 0 0
ciMethod com/android/dx/util/MutabilityControl <init> (Z)V 3241 1 44222 0 32
ciMethod com/android/dx/util/MutabilityControl setImmutable ()V 2385 1 156043 0 0
ciMethod com/android/dx/util/MutabilityControl throwIfImmutable ()V 2049 1 297967 0 64
ciMethod com/android/dx/rop/type/Type intern (Ljava/lang/String;)Lcom/android/dx/rop/type/Type; 2041 24665 13159 0 -1
ciMethod com/android/dx/rop/type/Type getType ()Lcom/android/dx/rop/type/Type; 2209 1 8821 0 0
ciMethod com/android/dx/rop/type/Type getBasicType ()I 3217 1 402 0 0
ciMethod com/android/dx/rop/type/Type getBasicFrameType ()I 4097 1 1536 0 64
ciMethod com/android/dx/rop/type/Type getDescriptor ()Ljava/lang/String; 1065 1 133 0 0
ciMethod com/android/dx/rop/type/Type isIntlike ()Z 3209 1 3074 0 0
ciMethod com/android/dx/rop/type/Type getComponentType ()Lcom/android/dx/rop/type/Type; 121 1 176 0 0
ciMethod com/android/dx/rop/type/Prototype <init> (Ljava/lang/String;Lcom/android/dx/rop/type/Type;Lcom/android/dx/rop/type/StdTypeList;)V 4097 1 6452 0 0
ciMethod com/android/dx/rop/type/Prototype getDescriptor ()Ljava/lang/String; 1033 1 129 0 0
ciMethod com/android/dx/rop/type/Prototype getParameterFrameTypes ()Lcom/android/dx/rop/type/StdTypeList; 1569 2225 2990 0 0
ciMethod com/android/dx/rop/type/Prototype withFirstParameter (Lcom/android/dx/rop/type/Type;)Lcom/android/dx/rop/type/Prototype; 4097 1 5943 0 0
ciMethod com/android/dx/rop/type/Prototype putIntern (Lcom/android/dx/rop/type/Prototype;)Lcom/android/dx/rop/type/Prototype; 4097 1 6452 0 0
ciMethod com/android/dx/rop/type/StdTypeList make (Lcom/android/dx/rop/type/Type;Lcom/android/dx/rop/type/Type;)Lcom/android/dx/rop/type/StdTypeList; 185 1 23 0 -1
ciMethod com/android/dx/rop/type/StdTypeList <init> (I)V 2057 1 7637 0 0
ciMethod com/android/dx/rop/type/StdTypeList get (I)Lcom/android/dx/rop/type/Type; 4097 1 15059 0 0
ciMethod com/android/dx/rop/type/StdTypeList set (ILcom/android/dx/rop/type/Type;)V 2049 1 3364 0 0
ciMethod com/android/dx/rop/type/StdTypeList withFirst (Lcom/android/dx/rop/type/Type;)Lcom/android/dx/rop/type/StdTypeList; 4097 4273 5943 0 0
ciMethod com/android/dx/util/FixedSizeList <init> (I)V 3289 1 6932 0 256
ciMethod com/android/dx/util/FixedSizeList size ()I 3105 1 364514 0 0
ciMethod com/android/dx/util/FixedSizeList get0 (I)Ljava/lang/Object; 2049 1 15084 0 128
ciMethod com/android/dx/util/FixedSizeList getOrNull0 (I)Ljava/lang/Object; 2057 1 60504 0 0
ciMethod com/android/dx/util/FixedSizeList set0 (ILjava/lang/Object;)V 3377 1 172440 0 224
ciMethod com/android/dx/util/FixedSizeList throwIndex (I)Ljava/lang/Object; 0 0 1 0 -1
ciMethodData com/android/dx/util/MutabilityControl throwIfImmutable ()V 2 297967 orig 264 232 160 181 111 0 0 0 0 16 120 69 20 0 0 0 0 80 1 0 0 0 0 0 0 0 0 0 0 0 0 0 0 0 0 0 0 0 0 0 0 0 0 0 0 0 0 0 0 0 0 0 0 0 0 0 0 0 0 0 0 0 0 0 0 0 0 0 0 0 0 0 0 0 0 0 0 0 0 0 0 77 68 79 32 101 120 116 114 97 32 100 97 116 97 32 108 111 99 107 0 0 0 0 0 0 0 0 0 0 0 0 0 0 0 0 0 0 0 0 0 0 0 0 0 0 0 0 0 0 0 0 0 0 0 0 0 0 0 0 0 0 0 0 0 0 0 0 0 0 0 0 0 0 0 0 0 0 0 0 0 0 0 0 0 0 0 0 0 0 0 0 0 0 0 0 0 0 0 0 0 0 0 0 0 25 0 0 0 0 0 0 0 0 0 0 0 0 0 0 0 1 0 0 0 0 0 0 0 0 0 0 0 0 0 0 0 0 1 0 0 121 87 36 0 1 0 0 0 0 0 0 0 0 0 0 0 2 0 0 0 0 0 5 0 2 0 0 0 48 0 0 0 255 255 255 255 7 0 4 0 0 0 0 0 data 6 0x40007 0x48b29 0x30 0x0 0xd0002 0x0 oops 0
ciMethodData com/android/dx/util/FixedSizeList set0 (ILjava/lang/Object;)V 2 172440 orig 264 232 160 181 111 0 0 0 0 0 49 70 20 0 0 0 0 224 1 0 0 0 0 0 0 0 0 0 0 0 0 0 0 0 0 0 0 0 0 0 0 0 0 0 0 0 0 0 0 0 0 0 0 0 0 0 0 0 0 0 0 0 0 0 0 0 0 0 0 0 0 0 0 0 0 0 0 0 0 0 0 77 68 79 32 101 120 116 114 97 32 100 97 116 97 32 108 111 99 107 0 0 0 0 0 0 0 0 0 0 0 0 0 0 0 0 0 0 0 0 0 0 0 0 0 0 0 0 0 0 0 0 0 0 0 0 0 0 0 0 0 0 0 0 0 0 0 0 0 0 0 0 0 0 0 0 0 0 0 0 0 0 0 0 0 0 0 0 0 0 0 0 0 0 0 0 0 0 0 0 0 0 0 0 0 17 0 0 0 0 0 0 0 0 0 0 0 0 0 0 0 0 0 0 0 0 0 0 0 0 0 0 0 0 0 0 0 166 1 0 0 145 255 20 0 1 0 0 0 0 0 0 0 0 0 0 0 2 0 0 0 0 0 11 0 2 0 0 0 136 0 0 0 255 255 255 255 5 0 1 0 0 0 0 0 data 17 0x10005 0x28eb1 0x16e52f00 0x27 0x16e52fb0 0x1160 0xa0104 0x0 0x17a05960 0x380e 0x16e53060 0x27 0xb0003 0x2a039 0x28 0x110002 0x0 oops 4 2 com/android/dx/cf/iface/StdFieldList 4 com/android/dx/cf/code/LineNumberList 8 com/android/dx/rop/type/Type 10 com/android/dx/cf/iface/StdField
ciMethodData com/android/dx/util/FixedSizeList size ()I 2 364514 orig 264 232 160 181 111 0 0 0 0 176 44 70 20 0 0 0 0 32 1 0 0 0 0 0 0 0 0 0 0 0 0 0 0 0 0 0 0 0 0 0 0 0 0 0 0 0 0 0 0 0 0 0 0 0 0 0 0 0 0 0 0 0 0 0 0 0 0 0 0 0 0 0 0 0 0 0 0 0 0 0 0 77 68 79 32 101 120 116 114 97 32 100 97 116 97 32 108 111 99 107 0 0 0 0 0 0 0 0 0 0 0 0 0 0 0 0 0 0 0 0 0 0 0 0 0 0 0 0 0 0 0 0 0 0 0 0 0 0 0 0 0 0 0 0 0 0 0 0 0 0 0 0 0 0 0 0 0 0 0 0 0 0 0 0 0 0 0 0 0 0 0 0 0 0 0 0 0 0 0 0 0 0 0 0 0 1 0 0 0 0 0 0 0 0 0 0 0 0 0 0 0 1 0 0 0 0 0 0 0 0 0 0 0 0 0 0 0 132 1 0 0 241 114 44 0 1 0 0 0 0 0 0 0 0 0 0 0 2 0 0 0 0 0 3 0 1 0 0 0 0 0 0 0 255 255 255 255 0 0 0 0 0 0 0 0 data 0 oops 0
ciMethodData com/android/dx/util/MutabilityControl setImmutable ()V 2 156043 orig 264 232 160 181 111 0 0 0 0 0 118 69 20 0 0 0 0 32 1 0 0 0 0 0 0 0 0 0 0 0 0 0 0 0 0 0 0 0 0 0 0 0 0 0 0 0 0 0 0 0 0 0 0 0 0 0 0 0 0 0 0 0 0 0 0 0 0 0 0 0 0 0 0 0 0 0 0 0 0 0 0 77 68 79 32 101 120 116 114 97 32 100 97 116 97 32 108 111 99 107 0 0 0 0 0 0 0 0 0 0 0 0 0 0 0 0 0 0 0 0 0 0 0 0 0 0 0 0 0 0 0 0 0 0 0 0 0 0 0 0 0 0 0 0 0 0 0 0 0 0 0 0 0 0 0 0 0 0 0 0 0 0 0 0 0 0 0 0 0 0 0 0 0 0 0 0 0 0 0 0 0 0 0 0 0 1 0 0 0 0 0 0 0 0 0 0 0 0 0 0 0 1 0 0 0 0 0 0 0 0 0 0 0 0 0 0 0 42 1 0 0 9 3 19 0 1 0 0 0 0 0 0 0 0 0 0 0 2 0 0 0 0 0 3 0 1 0 0 0 0 0 0 0 255 255 255 255 0 0 0 0 0 0 0 0 data 0 oops 0
ciMethodData com/android/dx/util/MutabilityControl <init> (Z)V 2 44222 orig 264 232 160 181 111 0 0 0 0 88 117 69 20 0 0 0 0 56 1 0 0 0 0 0 0 0 0 0 0 0 0 0 0 0 0 0 0 0 0 0 0 0 0 0 0 0 0 0 0 0 0 0 0 0 0 0 0 0 0 0 0 0 0 0 0 0 0 0 0 0 0 0 0 0 0 0 0 0 0 0 0 77 68 79 32 101 120 116 114 97 32 100 97 116 97 32 108 111 99 107 0 0 0 0 0 0 0 0 0 0 0 0 0 0 0 0 0 0 0 0 0 0 0 0 0 0 0 0 0 0 0 0 0 0 0 0 0 0 0 0 0 0 0 0 0 0 0 0 0 0 0 0 0 0 0 0 0 0 0 0 0 0 0 0 0 0 0 0 0 0 0 0 0 0 0 0 0 0 0 0 0 0 0 0 0 1 0 0 0 0 0 0 0 0 0 0 0 0 0 0 0 1 0 0 0 0 0 0 0 0 0 0 0 0 0 0 0 149 1 0 0 73 89 5 0 1 0 0 0 0 0 0 0 0 0 0 0 2 0 0 0 0 0 3 0 2 0 0 0 16 0 0 0 255 255 255 255 2 0 1 0 0 0 0 0 data 2 0x10002 0xab2a oops 0
ciMethodData com/android/dx/util/FixedSizeList <init> (I)V 2 6932 orig 264 232 160 181 111 0 0 0 0 0 39 70 20 0 0 0 0 152 1 0 0 56 0 0 0 0 0 0 0 0 0 0 0 0 0 0 0 0 0 0 0 0 0 0 0 0 0 0 0 0 0 0 0 0 0 0 0 0 0 0 0 0 0 0 0 0 0 0 0 0 0 0 0 0 0 0 0 0 0 0 0 77 68 79 32 101 120 116 114 97 32 100 97 116 97 32 108 111 99 107 0 0 0 0 0 0 0 0 0 0 0 0 0 0 0 0 0 0 0 0 0 0 0 0 0 0 0 0 0 0 0 0 0 0 0 0 0 0 0 0 0 0 0 0 0 0 0 0 0 0 0 0 0 0 0 0 0 0 0 0 0 0 0 0 0 0 0 0 0 0 0 0 0 0 0 0 0 0 0 0 0 0 0 0 0 25 0 0 0 0 0 0 0 0 0 0 0 0 0 0 0 1 0 0 0 0 0 0 0 0 0 0 0 0 0 0 0 155 1 0 0 201 203 0 0 1 0 0 0 0 0 0 0 0 0 0 0 2 0 0 0 0 0 10 0 2 0 0 0 112 0 0 0 255 255 255 255 7 0 2 0 0 0 0 0 data 14 0x20007 0x83e 0x38 0x113c 0x60003 0x113c 0x18 0xa0002 0x197a 0x150003 0x197a 0x28 0x1f0002 0x0 oops 0
ciMethodData com/android/dx/util/FixedSizeList get0 (I)Ljava/lang/Object; 2 15084 orig 264 232 160 181 111 0 0 0 0 72 47 70 20 0 0 0 0 48 2 0 0 192 0 0 0 0 0 0 0 0 0 0 0 0 0 0 0 0 0 0 0 0 0 0 0 0 0 0 0 0 0 0 0 0 0 0 0 0 0 0 0 0 0 0 0 0 0 0 0 0 0 0 0 0 0 0 0 0 0 0 0 77 68 79 32 101 120 116 114 97 32 100 97 116 97 32 108 111 99 107 0 0 0 0 0 0 0 0 0 0 0 0 0 0 0 0 0 0 0 0 0 0 0 0 0 0 0 0 0 0 0 0 0 0 0 0 0 0 0 0 0 0 0 0 0 0 0 0 0 0 0 0 0 0 0 0 0 0 0 0 0 0 0 0 0 0 0 0 0 0 0 0 0 0 0 0 0 0 0 0 0 0 0 0 0 25 0 0 0 0 0 0 0 0 0 0 0 0 0 0 0 1 0 0 0 0 0 0 0 0 0 0 0 0 0 0 0 0 1 0 0 97 207 1 0 1 0 0 0 0 0 0 0 0 0 0 0 2 0 0 0 0 0 9 0 2 0 0 0 224 0 0 0 255 255 255 255 7 0 8 0 0 0 0 0 data 28 0x80007 0x39ee 0xd0 0x0 0x130002 0x0 0x180005 0x0 0x0 0x0 0x0 0x0 0x1c0005 0x0 0x0 0x0 0x0 0x0 0x1f0005 0x0 0x0 0x0 0x0 0x0 0x220002 0x0 0x2b0002 0x0 oops 0
ciMethod com/android/dx/rop/code/RegisterSpec getType ()Lcom/android/dx/rop/type/Type; 4097 1 10439 0 0
ciMethod com/android/dx/rop/code/RegisterSpec getBasicType ()I 3249 1 13860 0 0
ciMethod com/android/dx/rop/code/Rops ropFor (ILcom/android/dx/rop/type/TypeBearer;Lcom/android/dx/rop/type/TypeList;Lcom/android/dx/rop/cst/Constant;)Lcom/android/dx/rop/code/Rop; 4097 1 17931 0 -1
ciMethod com/android/dx/rop/code/Rops opMove (Lcom/android/dx/rop/type/TypeBearer;)Lcom/android/dx/rop/code/Rop; 4097 1 8963 0 0
ciMethod com/android/dx/rop/code/Rops opMoveParam (Lcom/android/dx/rop/type/TypeBearer;)Lcom/android/dx/rop/code/Rop; 1561 1 2192 0 0
ciMethod com/android/dx/rop/code/Rops opMoveException (Lcom/android/dx/rop/type/TypeBearer;)Lcom/android/dx/rop/code/Rop; 0 0 16 0 0
ciMethod com/android/dx/rop/code/Rops opConst (Lcom/android/dx/rop/type/TypeBearer;)Lcom/android/dx/rop/code/Rop; 841 1 1701 0 0
ciMethod com/android/dx/rop/code/Rops opIfEq (Lcom/android/dx/rop/type/TypeList;)Lcom/android/dx/rop/code/Rop; 289 1 596 0 0
ciMethod com/android/dx/rop/code/Rops opIfNe (Lcom/android/dx/rop/type/TypeList;)Lcom/android/dx/rop/code/Rop; 97 1 242 0 0
ciMethod com/android/dx/rop/code/Rops opIfLt (Lcom/android/dx/rop/type/TypeList;)Lcom/android/dx/rop/code/Rop; 0 0 28 0 0
ciMethod com/android/dx/rop/code/Rops opIfGe (Lcom/android/dx/rop/type/TypeList;)Lcom/android/dx/rop/code/Rop; 17 1 63 0 0
ciMethod com/android/dx/rop/code/Rops opIfGt (Lcom/android/dx/rop/type/TypeList;)Lcom/android/dx/rop/code/Rop; 0 0 13 0 0
ciMethod com/android/dx/rop/code/Rops opIfLe (Lcom/android/dx/rop/type/TypeList;)Lcom/android/dx/rop/code/Rop; 0 0 50 0 0
ciMethod com/android/dx/rop/code/Rops pickIf (Lcom/android/dx/rop/type/TypeList;Lcom/android/dx/rop/code/Rop;Lcom/android/dx/rop/code/Rop;Lcom/android/dx/rop/code/Rop;Lcom/android/dx/rop/code/Rop;)Lcom/android/dx/rop/code/Rop; 401 1 992 0 0
ciMethod com/android/dx/rop/code/Rops opAdd (Lcom/android/dx/rop/type/TypeList;)Lcom/android/dx/rop/code/Rop; 33 1 172 0 0
ciMethod com/android/dx/rop/code/Rops opSub (Lcom/android/dx/rop/type/TypeList;)Lcom/android/dx/rop/code/Rop; 33 1 149 0 0
ciMethod com/android/dx/rop/code/Rops opMul (Lcom/android/dx/rop/type/TypeList;)Lcom/android/dx/rop/code/Rop; 0 0 52 0 0
ciMethod com/android/dx/rop/code/Rops opDiv (Lcom/android/dx/rop/type/TypeList;)Lcom/android/dx/rop/code/Rop; 0 0 44 0 0
ciMethod com/android/dx/rop/code/Rops opRem (Lcom/android/dx/rop/type/TypeList;)Lcom/android/dx/rop/code/Rop; 0 0 2 0 0
ciMethod com/android/dx/rop/code/Rops opAnd (Lcom/android/dx/rop/type/TypeList;)Lcom/android/dx/rop/code/Rop; 25 1 58 0 0
ciMethod com/android/dx/rop/code/Rops opOr (Lcom/android/dx/rop/type/TypeList;)Lcom/android/dx/rop/code/Rop; 33 1 11 0 0
ciMethod com/android/dx/rop/code/Rops opXor (Lcom/android/dx/rop/type/TypeList;)Lcom/android/dx/rop/code/Rop; 0 0 1 0 0
ciMethod com/android/dx/rop/code/Rops opShl (Lcom/android/dx/rop/type/TypeList;)Lcom/android/dx/rop/code/Rop; 0 0 2 0 0
ciMethod com/android/dx/rop/code/Rops opShr (Lcom/android/dx/rop/type/TypeList;)Lcom/android/dx/rop/code/Rop; 0 0 1 0 0
ciMethod com/android/dx/rop/code/Rops opUshr (Lcom/android/dx/rop/type/TypeList;)Lcom/android/dx/rop/code/Rop; 0 0 1 0 0
ciMethod com/android/dx/rop/code/Rops pickBinaryOp (Lcom/android/dx/rop/type/TypeList;Lcom/android/dx/rop/code/Rop;Lcom/android/dx/rop/code/Rop;Lcom/android/dx/rop/code/Rop;Lcom/android/dx/rop/code/Rop;Lcom/android/dx/rop/code/Rop;Lcom/android/dx/rop/code/Rop;Lcom/android/dx/rop/code/Rop;Lcom/android/dx/rop/code/Rop;)Lcom/android/dx/rop/code/Rop; 2057 1 490 0 -1
ciMethod com/android/dx/rop/code/Rops opNeg (Lcom/android/dx/rop/type/TypeBearer;)Lcom/android/dx/rop/code/Rop; 0 0 41 0 0
ciMethod com/android/dx/rop/code/Rops opNot (Lcom/android/dx/rop/type/TypeBearer;)Lcom/android/dx/rop/code/Rop; 0 0 1 0 0
ciMethod com/android/dx/rop/code/Rops opCmpl (Lcom/android/dx/rop/type/TypeBearer;)Lcom/android/dx/rop/code/Rop; 0 0 31 0 0
ciMethod com/android/dx/rop/code/Rops opCmpg (Lcom/android/dx/rop/type/TypeBearer;)Lcom/android/dx/rop/code/Rop; 0 0 7 0 0
ciMethod com/android/dx/rop/code/Rops opConv (Lcom/android/dx/rop/type/TypeBearer;Lcom/android/dx/rop/type/TypeBearer;)Lcom/android/dx/rop/code/Rop; 9 1 134 0 0
ciMethod com/android/dx/rop/code/Rops opReturn (Lcom/android/dx/rop/type/TypeBearer;)Lcom/android/dx/rop/code/Rop; 281 1 508 0 0
ciMethod com/android/dx/rop/code/Rops opAget (Lcom/android/dx/rop/type/TypeBearer;)Lcom/android/dx/rop/code/Rop; 17 1 8 0 0
ciMethod com/android/dx/rop/code/Rops opAput (Lcom/android/dx/rop/type/TypeBearer;)Lcom/android/dx/rop/code/Rop; 25 1 63 0 0
ciMethod com/android/dx/rop/code/Rops opNewArray (Lcom/android/dx/rop/type/TypeBearer;)Lcom/android/dx/rop/code/Rop; 41 1 39 0 0
ciMethod com/android/dx/rop/code/Rops opGetField (Lcom/android/dx/rop/type/TypeBearer;)Lcom/android/dx/rop/code/Rop; 761 1 1722 0 0
ciMethod com/android/dx/rop/code/Rops opPutField (Lcom/android/dx/rop/type/TypeBearer;)Lcom/android/dx/rop/code/Rop; 1897 1 597 0 0
ciMethod com/android/dx/rop/code/Rops opGetStatic (Lcom/android/dx/rop/type/TypeBearer;)Lcom/android/dx/rop/code/Rop; 145 1 233 0 0
ciMethod com/android/dx/rop/code/Rops opPutStatic (Lcom/android/dx/rop/type/TypeBearer;)Lcom/android/dx/rop/code/Rop; 17 1 26 0 0
ciMethod com/android/dx/rop/code/Rops opInvokeStatic (Lcom/android/dx/rop/type/Prototype;)Lcom/android/dx/rop/code/Rop; 81 1 526 0 0
ciMethod com/android/dx/rop/code/Rops opInvokeVirtual (Lcom/android/dx/rop/type/Prototype;)Lcom/android/dx/rop/code/Rop; 1145 1 1721 0 0
ciMethod com/android/dx/rop/code/Rops opInvokeSuper (Lcom/android/dx/rop/type/Prototype;)Lcom/android/dx/rop/code/Rop; 73 1 89 0 0
ciMethod com/android/dx/rop/code/Rops opInvokeDirect (Lcom/android/dx/rop/type/Prototype;)Lcom/android/dx/rop/code/Rop; 393 1 563 0 0
ciMethod com/android/dx/rop/code/Rops opInvokeInterface (Lcom/android/dx/rop/type/Prototype;)Lcom/android/dx/rop/code/Rop; 9 1 91 0 0
ciMethod com/android/dx/rop/code/Rops throwBadType (Lcom/android/dx/rop/type/TypeBearer;)Lcom/android/dx/rop/code/Rop; 0 0 1 0 0
ciMethod com/android/dx/rop/code/Rops throwBadTypes (Lcom/android/dx/rop/type/TypeList;)Lcom/android/dx/rop/code/Rop; 0 0 1 0 -1
ciMethod com/android/dx/rop/code/Rop <init> (ILcom/android/dx/rop/type/Type;Lcom/android/dx/rop/type/TypeList;Lcom/android/dx/rop/type/TypeList;IZLjava/lang/String;)V 4097 1 7433 0 0
ciMethod com/android/dx/rop/code/Rop <init> (ILcom/android/dx/rop/type/Type;Lcom/android/dx/rop/type/TypeList;Ljava/lang/String;)V 2593 1 4325 0 -1
ciMethod com/android/dx/rop/code/Rop <init> (ILcom/android/dx/rop/type/Type;Lcom/android/dx/rop/type/TypeList;Lcom/android/dx/rop/type/TypeList;Ljava/lang/String;)V 761 1 93 0 -1
ciMethod com/android/dx/rop/code/Rop <init> (ILcom/android/dx/rop/type/TypeList;Lcom/android/dx/rop/type/TypeList;)V 1569 1 2990 0 0
ciMethod com/android/dx/rop/code/RegisterSpecList getType (I)Lcom/android/dx/rop/type/Type; 4097 1 3091 0 0
ciMethod com/android/dx/rop/code/RegisterSpecList get (I)Lcom/android/dx/rop/code/RegisterSpec; 4097 1 61377 0 160
ciMethodData com/android/dx/rop/type/StdTypeList <init> (I)V 2 7637 orig 264 232 160 181 111 0 0 0 0 216 19 70 20 0 0 0 0 56 1 0 0 0 0 0 0 0 0 0 0 0 0 0 0 0 0 0 0 0 0 0 0 0 0 0 0 0 0 0 0 0 0 0 0 0 0 0 0 0 0 0 0 0 0 0 0 0 0 0 0 0 0 0 0 0 0 0 0 0 0 0 0 77 68 79 32 101 120 116 114 97 32 100 97 116 97 32 108 111 99 107 0 0 0 0 0 0 0 0 0 0 0 0 0 0 0 0 0 0 0 0 0 0 0 0 0 0 0 0 0 0 0 0 0 0 0 0 0 0 0 0 0 0 0 0 0 0 0 0 0 0 0 0 0 0 0 0 0 0 0 0 0 0 0 0 0 0 0 0 0 0 0 0 0 0 0 0 0 0 0 0 0 0 0 0 0 0 0 0 0 0 0 0 0 0 0 0 0 0 0 0 0 0 0 0 0 0 0 0 0 0 0 0 0 0 0 0 0 1 1 0 0 161 230 0 0 1 0 0 0 0 0 0 0 0 0 0 0 2 0 0 0 0 0 3 0 2 0 0 0 16 0 0 0 255 255 255 255 2 0 2 0 0 0 0 0 data 2 0x20002 0x1cd4 oops 0
ciMethodData com/android/dx/rop/type/StdTypeList set (ILcom/android/dx/rop/type/Type;)V 2 3364 orig 264 232 160 181 111 0 0 0 0 32 24 70 20 0 0 0 0 136 1 0 0 0 0 0 0 0 0 0 0 0 0 0 0 0 0 0 0 0 0 0 0 0 0 0 0 0 0 0 0 0 0 0 0 0 0 0 0 0 0 0 0 0 0 0 0 0 0 0 0 0 0 0 0 0 0 0 0 0 0 0 0 77 68 79 32 101 120 116 114 97 32 100 97 116 97 32 108 111 99 107 0 0 0 0 0 0 0 0 0 0 0 0 0 0 0 0 0 0 0 0 0 0 0 0 0 0 0 0 0 0 0 0 0 0 0 0 0 0 0 0 0 0 0 0 0 0 0 0 0 0 0 0 0 0 0 0 0 0 0 0 0 0 0 0 0 0 0 0 0 0 0 0 0 0 0 0 0 0 0 0 0 0 0 0 0 0 0 0 0 0 0 0 0 0 0 0 0 0 0 0 0 0 0 0 0 0 0 0 0 0 0 0 0 0 0 0 0 0 1 0 0 33 97 0 0 1 0 0 0 0 0 0 0 0 0 0 0 2 0 0 0 0 0 12 0 2 0 0 0 48 0 0 0 255 255 255 255 5 0 3 0 0 0 0 0 data 6 0x30005 0x4 0x17fcc1b0 0xc20 0x0 0x0 oops 1 2 com/android/dx/rop/type/StdTypeList
ciMethodData com/android/dx/rop/type/Type getType ()Lcom/android/dx/rop/type/Type; 2 8821 orig 264 232 160 181 111 0 0 0 0 224 175 69 20 0 0 0 0 32 1 0 0 0 0 0 0 0 0 0 0 0 0 0 0 0 0 0 0 0 0 0 0 0 0 0 0 0 0 0 0 0 0 0 0 0 0 0 0 0 0 0 0 0 0 0 0 0 0 0 0 0 0 0 0 0 0 0 0 0 0 0 0 77 68 79 32 101 120 116 114 97 32 100 97 116 97 32 108 111 99 107 0 0 0 0 0 0 0 0 0 0 0 0 0 0 0 0 0 0 0 0 0 0 0 0 0 0 0 0 0 0 0 0 0 0 0 0 0 0 0 0 0 0 0 0 0 0 0 0 0 0 0 0 0 0 0 0 0 0 0 0 0 0 0 0 0 0 0 0 0 0 0 0 0 0 0 0 0 0 0 0 0 0 0 0 0 0 0 0 0 0 0 0 0 0 0 0 0 0 0 0 0 0 0 0 0 0 0 0 0 0 0 0 0 0 0 0 0 20 1 0 0 9 11 1 0 1 0 0 0 0 0 0 0 0 0 0 0 2 0 0 0 0 0 3 0 1 0 0 0 0 0 0 0 255 255 255 255 0 0 0 0 0 0 0 0 data 0 oops 0
ciMethodData com/android/dx/util/FixedSizeList getOrNull0 (I)Ljava/lang/Object; 2 60504 orig 264 232 160 181 111 0 0 0 0 24 48 70 20 0 0 0 0 40 1 0 0 0 0 0 0 0 0 0 0 0 0 0 0 0 0 0 0 0 0 0 0 0 0 0 0 0 0 0 0 0 0 0 0 0 0 0 0 0 0 0 0 0 0 0 0 0 0 0 0 0 0 0 0 0 0 0 0 0 0 0 0 77 68 79 32 101 120 116 114 97 32 100 97 116 97 32 108 111 99 107 0 0 0 0 0 0 0 0 0 0 0 0 0 0 0 0 0 0 0 0 0 0 0 0 0 0 0 0 0 0 0 0 0 0 0 0 0 0 0 0 0 0 0 0 0 0 0 0 0 0 0 0 0 0 0 0 0 0 0 0 0 0 0 0 0 0 0 0 0 0 0 0 0 0 0 0 0 0 0 0 0 0 0 0 0 0 0 0 0 0 0 0 0 0 0 0 0 0 0 0 0 0 0 0 0 0 0 0 0 0 0 0 0 0 0 0 0 1 1 0 0 185 90 7 0 1 0 0 0 0 0 0 0 0 0 0 0 2 0 0 0 0 0 3 0 1 0 0 0 0 0 0 0 255 255 255 255 0 0 0 0 0 0 0 0 data 0 oops 0
ciMethodData com/android/dx/rop/code/RegisterSpecList get (I)Lcom/android/dx/rop/code/RegisterSpec; 2 61377 orig 264 232 160 181 111 0 0 0 0 48 132 80 20 0 0 0 0 176 1 0 0 0 0 0 0 0 0 0 0 0 0 0 0 0 0 0 0 0 0 0 0 0 0 0 0 0 0 0 0 0 0 0 0 0 0 0 0 0 0 0 0 0 0 0 0 0 0 0 0 0 0 0 0 0 0 0 0 0 0 0 0 77 68 79 32 101 120 116 114 97 32 100 97 116 97 32 108 111 99 107 0 0 0 0 0 0 0 0 0 0 0 0 0 0 0 0 0 0 0 0 0 0 0 0 0 0 0 0 0 0 0 0 0 0 0 0 0 0 0 0 0 0 0 0 0 0 0 0 0 0 0 0 0 0 0 0 0 0 0 0 0 0 0 0 0 0 0 0 0 0 0 0 0 0 0 0 0 0 0 0 0 0 0 0 0 17 0 0 0 0 0 0 0 0 0 0 0 0 0 0 0 1 0 0 0 0 0 0 0 0 0 0 0 0 0 0 0 0 2 0 0 9 110 7 0 1 0 0 0 0 0 0 0 0 0 0 0 2 0 0 0 0 0 3 0 2 0 0 0 96 0 0 0 255 255 255 255 5 0 2 0 0 0 0 0 data 12 0x20005 0x5c1 0x17a058b0 0xe7ff 0x0 0x0 0x50004 0x0 0x17a05a10 0xedc2 0x0 0x0 oops 2 2 com/android/dx/rop/code/RegisterSpecList 8 com/android/dx/rop/code/RegisterSpec
ciMethodData com/android/dx/rop/type/Type getBasicFrameType ()I 2 1536 orig 264 232 160 181 111 0 0 0 0 88 178 69 20 0 0 0 0 192 1 0 0 0 0 0 0 0 0 0 0 0 0 0 0 0 0 0 0 0 0 0 0 0 0 0 0 0 0 0 0 0 0 0 0 0 0 0 0 0 0 0 0 0 0 0 0 0 0 0 0 0 0 0 0 0 0 0 0 0 0 0 0 77 68 79 32 101 120 116 114 97 32 100 97 116 97 32 108 111 99 107 0 0 0 0 0 0 0 0 0 0 0 0 0 0 0 0 0 0 0 0 0 0 0 0 0 0 0 0 0 0 0 0 0 0 0 0 0 0 0 0 0 0 0 0 0 0 0 0 0 0 0 0 0 0 0 0 0 0 0 0 0 0 0 0 0 0 0 0 0 0 0 0 0 0 0 0 0 0 0 0 0 0 0 0 0 0 0 0 0 0 0 0 0 0 0 0 0 0 0 0 0 0 0 0 0 0 0 0 0 0 0 0 0 0 0 0 0 0 2 0 0 1 32 0 0 1 0 0 0 0 0 0 0 0 0 0 0 2 0 0 0 0 0 7 0 1 0 0 0 160 0 0 0 255 255 255 255 8 0 4 0 0 0 0 0 data 20 0x40008 0x12 0x1f3 0xa0 0x7 0xa0 0x0 0xa0 0x0 0xa0 0x0 0xa0 0x0 0xa0 0xac 0xa0 0x3 0xa0 0x0 0xa0 oops 0
ciMethodData com/android/dx/rop/type/StdTypeList get (I)Lcom/android/dx/rop/type/Type; 2 15065 orig 264 232 160 181 111 0 0 0 0 96 23 70 20 0 0 0 0 176 1 0 0 0 0 0 0 0 0 0 0 0 0 0 0 0 0 0 0 0 0 0 0 0 0 0 0 0 0 0 0 0 0 0 0 0 0 0 0 0 0 0 0 0 0 0 0 0 0 0 0 0 0 0 0 0 0 0 0 0 0 0 0 77 68 79 32 101 120 116 114 97 32 100 97 116 97 32 108 111 99 107 0 0 0 0 0 0 0 0 0 0 0 0 0 0 0 0 0 0 0 0 0 0 0 0 0 0 0 0 0 0 0 0 0 0 0 0 0 0 0 0 0 0 0 0 0 0 0 0 0 0 0 0 0 0 0 0 0 0 0 0 0 0 0 0 0 0 0 0 0 0 0 0 0 0 0 0 0 0 0 0 0 0 0 0 0 0 0 0 0 0 0 0 0 0 0 0 0 0 0 0 0 0 0 0 0 0 0 0 0 0 0 0 0 0 0 0 0 0 2 0 0 201 198 1 0 1 0 0 0 0 0 0 0 0 0 0 0 2 0 0 0 0 0 3 0 2 0 0 0 96 0 0 0 255 255 255 255 5 0 2 0 0 0 0 0 data 12 0x20005 0x187 0x17fcc1b0 0x3753 0x0 0x0 0x50004 0x0 0x17a05960 0x38df 0x0 0x0 oops 2 2 com/android/dx/rop/type/StdTypeList 8 com/android/dx/rop/type/Type
ciMethodData com/android/dx/rop/code/Rops ropFor (ILcom/android/dx/rop/type/TypeBearer;Lcom/android/dx/rop/type/TypeList;Lcom/android/dx/rop/cst/Constant;)Lcom/android/dx/rop/code/Rop; 2 17931 orig 264 232 160 181 111 0 0 0 0 128 134 79 20 0 0 0 0 80 15 0 0 160 7 0 0 0 0 0 0 0 0 0 0 0 0 0 0 0 0 0 0 0 0 0 0 0 0 0 0 0 0 0 0 0 0 0 0 0 0 0 0 0 0 0 0 0 0 0 0 0 0 0 0 0 0 0 0 0 0 0 0 77 68 79 32 101 120 116 114 97 32 100 97 116 97 32 108 111 99 107 0 0 0 0 0 0 0 0 0 0 0 0 0 0 0 0 0 0 0 0 0 0 0 0 0 0 0 0 0 0 0 0 0 0 0 0 0 0 0 0 0 0 0 0 0 0 0 0 0 0 0 0 0 0 0 0 0 0 0 0 0 0 0 0 0 0 0 0 0 0 0 0 0 0 0 0 0 0 0 0 0 0 0 0 0 0 0 0 0 0 0 0 0 0 0 0 0 0 0 0 0 0 0 0 0 0 0 0 0 0 0 0 0 0 0 0 0 0 2 0 0 89 32 2 0 1 0 0 0 0 0 0 0 0 0 0 0 2 0 0 0 0 0 65 0 2 0 0 0 240 13 0 0 255 255 255 255 8 0 1 0 0 0 0 0 data 446 0x10008 0x6c 0x0 0xd30 0x0 0x370 0xff 0x370 0x0 0x380 0x0 0x390 0x2f 0x3a0 0x4 0x3b0 0x16 0x3b0 0x4 0x3c0 0x0 0x3d0 0x1 0x3e0 0x0 0x3f0 0x0 0x400 0x0 0x410 0x3 0x410 0x4 0x420 0x0 0x430 0x0 0x440 0x0 0x450 0x0 0x460 0x0 0x470 0x1 0x480 0x0 0x490 0x0 0x4a0 0x0 0x4b0 0x0 0x4c0 0x0 0x4d0 0x0 0x4e0 0x0 0x520 0x1 0x560 0x0 0x5a0 0x0 0x5a0 0x0 0x5a0 0x3e 0x5a0 0x0 0x630 0x1 0x630 0x0 0x630 0x0 0x630 0x0 0x630 0x3 0x708 0xb 0x7e0 0x2 0x7e0 0x0 0xd30 0x6 0x820 0x3 0x820 0x3d 0x820 0x6 0x830 0x10 0x840 0x2 0x880 0x6 0x8c0 0x55 0x930 0x5 0xa30 0x15 0xb30 0x0 0xc30 0xe90002 0x1bb4 0xee0002 0x0 0xf30002 0x0 0xf80002 0x4e3 0x1010002 0x246 0x1060002 0xea 0x10b0002 0x1c 0x1100002 0x3e 0x1150002 0x32 0x11a0002 0xd 0x1230002 0xab 0x1280002 0x95 0x12d0002 0x34 0x1320002 0x2c 0x1370002 0x2 0x13c0002 0x29 0x1410002 0x37 0x1460002 0x8 0x14b0002 0x0 0x1500002 0x2 0x1550002 0x0 0x15a0002 0x0 0x15f0002 0x0 0x1650005 0x0 0x17a058b0 0x1f 0x0 0x0 0x16a0002 0x1f 0x1700005 0x0 0x17a058b0 0x7 0x0 0x0 0x1750002 0x7 0x17c0005 0x0 0x17a058b0 0x86 0x0 0x0 0x1810002 0x86 0x1920005 0x0 0x17a058b0 0x440 0x0 0x0 0x1970007 0x1f5 0x20 0x24c 0x1a00005 0x0 0x17a058b0 0x1f5 0x0 0x0 0x1a50002 0x1f5 0x1bb0005 0x0 0x17a058b0 0x6 0x0 0x0 0x1c70007 0x6 0x68 0x0 0x1cb0005 0x0 0x0 0x0 0x0 0x0 0x1d20003 0x0 0x48 0x1d70005 0x0 0x17a05960 0x6 0x0 0x0 0x1de0002 0x6 0x1e40005 0x0 0x17a058b0 0x3f 0x0 0x0 0x1f00007 0x3f 0x68 0x0 0x1f50005 0x0 0x0 0x0 0x0 0x0 0x1fc0003 0x0 0x48 0x2010005 0x3 0x17a05960 0x3c 0x0 0x0 0x2080002 0x3f 0x2110005 0x0 0x17a05a10 0x24 0x0 0x0 0x2160002 0x24 0x2230002 0x697 0x2280002 0xdd 0x22e0005 0x0 0x17a058b0 0x241 0x0 0x0 0x2330002 0x241 0x2390005 0x0 0x17a058b0 0x1a 0x0 0x0 0x23e0002 0x1a 0x2430004 0x0 0x17a05ac0 0x20a 0x0 0x0 0x2460005 0x6 0x17a05ac0 0x204 0x0 0x0 0x2490002 0x20a 0x24e0004 0x0 0x17a05ac0 0x67d 0x0 0x0 0x2550005 0x55 0x17a05ac0 0x628 0x0 0x0 0x25c0005 0x55 0x17a05ac0 0x628 0x0 0x0 0x2650005 0x55 0x17a05b70 0x628 0x0 0x0 0x2680005 0x55 0x17a05c20 0x628 0x0 0x0 0x26f0002 0x67d 0x2740004 0x0 0x17a05ac0 0x55 0x0 0x0 0x27b0005 0x5 0x17a05ac0 0x50 0x0 0x0 0x2820005 0x5 0x17a05ac0 0x50 0x0 0x0 0x28b0005 0x5 0x17a05b70 0x50 0x0 0x0 0x28e0005 0x5 0x17a05c20 0x50 0x0 0x0 0x2950002 0x55 0x29a0004 0x0 0x17a05ac0 0x216 0x0 0x0 0x2a10005 0x15 0x17a05ac0 0x201 0x0 0x0 0x2a80005 0x15 0x17a05ac0 0x201 0x0 0x0 0x2b10005 0x15 0x17a05b70 0x202 0x0 0x0 0x2b40005 0x15 0x17a05c20 0x201 0x0 0x0 0x2bb0002 0x217 0x2c00004 0x0 0x17a05ac0 0x5a 0x0 0x0 0x2c70005 0x0 0x17a05ac0 0x5a 0x0 0x0 0x2ce0005 0x0 0x17a05ac0 0x5a 0x0 0x0 0x2d70005 0x0 0x17a05b70 0x5a 0x0 0x0 0x2da0005 0x0 0x17a05c20 0x5a 0x0 0x0 0x2e10002 0x5a 0x2ed0002 0x0 0x2f20005 0x0 0x0 0x0 0x0 0x0 0x2f60002 0x0 0x2f90005 0x0 0x0 0x0 0x0 0x0 0x2fc0005 0x0 0x0 0x0 0x0 0x0 0x2ff0002 0x0